16:04:53.461 [DiscoveryClient-InstanceInfoReplicator-0] DEBUG c.n.d.shared.NamedConnectionPool - Getting free connection [{}->http://localhost:9090][null]
16:04:53.461 [SpringContextShutdownHook] DEBUG o.s.c.s.DefaultLifecycleProcessor - Stopping beans in phase 2147483647
16:04:53.462 [DiscoveryClient-InstanceInfoReplicator-0] DEBUG o.a.h.impl.client.DefaultHttpClient - Stale connection check
16:04:53.465 [DiscoveryClient-InstanceInfoReplicator-0] DEBUG o.a.h.c.protocol.RequestAddCookies - CookieSpec selected: default
16:04:53.465 [SpringContextShutdownHook] DEBUG o.s.c.s.DefaultLifecycleProcessor - Bean 'webServerGracefulShutdown' completed its stop procedure
16:04:53.465 [DiscoveryClient-InstanceInfoReplicator-0] DEBUG o.a.h.c.protocol.RequestAuthCache - Auth cache not set in the context
16:04:53.465 [SpringContextShutdownHook] DEBUG o.s.c.s.DefaultLifecycleProcessor - Stopping beans in phase 2147483646
16:04:53.465 [DiscoveryClient-InstanceInfoReplicator-0] DEBUG o.a.h.c.p.RequestTargetAuthentication - Target auth state: UNCHALLENGED
16:04:53.465 [DiscoveryClient-InstanceInfoReplicator-0] DEBUG o.a.h.c.p.RequestProxyAuthentication - Proxy auth state: UNCHALLENGED
16:04:53.465 [DiscoveryClient-InstanceInfoReplicator-0] DEBUG o.a.h.impl.client.DefaultHttpClient - Attempt 1 to execute request
16:04:53.465 [DiscoveryClient-InstanceInfoReplicator-0] DEBUG o.a.h.i.conn.DefaultClientConnection - Sending request: POST /eureka/apps/DREAM-GATE HTTP/1.1
16:04:53.466 [DiscoveryClient-InstanceInfoReplicator-0] DEBUG org.apache.http.wire -  >> "POST /eureka/apps/DREAM-GATE HTTP/1.1[\r][\n]"
16:04:53.466 [DiscoveryClient-InstanceInfoReplicator-0] DEBUG org.apache.http.wire -  >> "Accept-Encoding: gzip[\r][\n]"
16:04:53.466 [DiscoveryClient-InstanceInfoReplicator-0] DEBUG org.apache.http.wire -  >> "Content-Type: application/json[\r][\n]"
16:04:53.466 [DiscoveryClient-InstanceInfoReplicator-0] DEBUG org.apache.http.wire -  >> "Accept: application/json[\r][\n]"
16:04:53.466 [DiscoveryClient-InstanceInfoReplicator-0] DEBUG org.apache.http.wire -  >> "DiscoveryIdentity-Name: DefaultClient[\r][\n]"
16:04:53.466 [DiscoveryClient-InstanceInfoReplicator-0] DEBUG org.apache.http.wire -  >> "DiscoveryIdentity-Version: 1.4[\r][\n]"
16:04:53.466 [DiscoveryClient-InstanceInfoReplicator-0] DEBUG org.apache.http.wire -  >> "DiscoveryIdentity-Id: 192.168.1.14[\r][\n]"
16:04:53.466 [DiscoveryClient-InstanceInfoReplicator-0] DEBUG org.apache.http.wire -  >> "Transfer-Encoding: chunked[\r][\n]"
16:04:53.466 [DiscoveryClient-InstanceInfoReplicator-0] DEBUG org.apache.http.wire -  >> "Host: localhost:9090[\r][\n]"
16:04:53.466 [DiscoveryClient-InstanceInfoReplicator-0] DEBUG org.apache.http.wire -  >> "Connection: Keep-Alive[\r][\n]"
16:04:53.466 [DiscoveryClient-InstanceInfoReplicator-0] DEBUG org.apache.http.wire -  >> "User-Agent: Java-EurekaClient/v1.9.21[\r][\n]"
16:04:53.466 [DiscoveryClient-InstanceInfoReplicator-0] DEBUG org.apache.http.wire -  >> "[\r][\n]"
16:04:53.466 [DiscoveryClient-InstanceInfoReplicator-0] DEBUG org.apache.http.headers - >> POST /eureka/apps/DREAM-GATE HTTP/1.1
16:04:53.466 [DiscoveryClient-InstanceInfoReplicator-0] DEBUG org.apache.http.headers - >> Accept-Encoding: gzip
16:04:53.466 [DiscoveryClient-InstanceInfoReplicator-0] DEBUG org.apache.http.headers - >> Content-Type: application/json
16:04:53.466 [DiscoveryClient-InstanceInfoReplicator-0] DEBUG org.apache.http.headers - >> Accept: application/json
16:04:53.466 [DiscoveryClient-InstanceInfoReplicator-0] DEBUG org.apache.http.headers - >> DiscoveryIdentity-Name: DefaultClient
16:04:53.466 [DiscoveryClient-InstanceInfoReplicator-0] DEBUG org.apache.http.headers - >> DiscoveryIdentity-Version: 1.4
16:04:53.466 [DiscoveryClient-InstanceInfoReplicator-0] DEBUG org.apache.http.headers - >> DiscoveryIdentity-Id: 192.168.1.14
16:04:53.466 [DiscoveryClient-InstanceInfoReplicator-0] DEBUG org.apache.http.headers - >> Transfer-Encoding: chunked
16:04:53.466 [DiscoveryClient-InstanceInfoReplicator-0] DEBUG org.apache.http.headers - >> Host: localhost:9090
