19:18:27.668 [main] DEBUG o.s.b.f.s.DefaultListableBeanFactory - Creating shared instance of singleton bean 'org.springframework.cloud.client.loadbalancer.AsyncLoadBalancerAutoConfiguration'
19:18:27.670 [main] DEBUG o.s.b.f.s.DefaultListableBeanFactory - Creating shared instance of singleton bean 'org.springframework.cloud.client.loadbalancer.LoadBalancerAutoConfiguration$LoadBalancerInterceptorConfig'
19:18:27.670 [main] DEBUG o.s.b.f.s.DefaultListableBeanFactory - Creating shared instance of singleton bean 'ribbonInterceptor'
19:18:27.671 [main] DEBUG o.s.b.f.s.DefaultListableBeanFactory - Creating shared instance of singleton bean 'loadBalancerRequestFactory'
19:18:27.671 [main] DEBUG o.s.b.f.s.DefaultListableBeanFactory - Creating shared instance of singleton bean 'org.springframework.cloud.client.loadbalancer.LoadBalancerAutoConfiguration'
19:18:27.673 [main] DEBUG o.s.b.f.s.DefaultListableBeanFactory - Autowiring by type from bean name 'loadBalancerRequestFactory' via factory method to bean named 'loadBalancerClient'
19:18:27.674 [main] DEBUG o.s.b.f.s.DefaultListableBeanFactory - Autowiring by type from bean name 'ribbonInterceptor' via factory method to bean named 'loadBalancerClient'
19:18:27.674 [main] DEBUG o.s.b.f.s.DefaultListableBeanFactory - Autowiring by type from bean name 'ribbonInterceptor' via factory method to bean named 'loadBalancerRequestFactory'
19:18:27.674 [main] DEBUG o.s.b.f.s.DefaultListableBeanFactory - Creating shared instance of singleton bean 'restTemplateCustomizer'
19:18:27.675 [main] DEBUG o.s.b.f.s.DefaultListableBeanFactory - Autowiring by type from bean name 'restTemplateCustomizer' via factory method to bean named 'ribbonInterceptor'
19:18:27.676 [main] DEBUG o.s.b.f.s.DefaultListableBeanFactory - Creating shared instance of singleton bean 'loadBalancedRestTemplateInitializerDeprecated'
19:18:27.677 [main] DEBUG o.s.b.f.s.DefaultListableBeanFactory - Creating shared instance of singleton bean 'spring.cloud.loadbalancer.retry-org.springframework.cloud.client.loadbalancer.LoadBalancerRetryProperties'
19:18:27.677 [main] DEBUG o.s.b.f.s.DefaultListableBeanFactory - Creating shared instance of singleton bean 'org.springframework.cloud.client.serviceregistry.ServiceRegistryAutoConfiguration'
19:18:27.678 [main] DEBUG o.s.b.f.s.DefaultListableBeanFactory - Creating shared instance of singleton bean 'org.springframework.cloud.commons.httpclient.HttpClientConfiguration$ApacheHttpClientConfiguration'
19:18:27.678 [main] DEBUG o.s.b.f.s.DefaultListableBeanFactory - Creating shared instance of singleton bean 'connManFactory'
19:18:27.680 [main] DEBUG o.s.b.f.s.DefaultListableBeanFactory - Creating shared instance of singleton bean 'apacheHttpClientBuilder'
19:18:27.684 [main] DEBUG o.s.b.f.s.DefaultListableBeanFactory - Creating shared instance of singleton bean 'apacheHttpClientFactory'
19:18:27.685 [main] DEBUG o.s.b.f.s.DefaultListableBeanFactory - Autowiring by type from bean name 'apacheHttpClientFactory' via factory method to bean named 'apacheHttpClientBuilder'
19:18:27.685 [main] DEBUG o.s.b.f.s.DefaultListableBeanFactory - Creating shared instance of singleton bean 'org.springframework.cloud.commons.httpclient.HttpClientConfiguration'
19:18:27.685 [main] DEBUG o.s.b.f.s.DefaultListableBeanFactory - Creating shared instance of singleton bean 'org.springframework.cloud.configuration.CompatibilityVerifierAutoConfiguration'
19:18:27.686 [main] DEBUG o.s.b.f.s.DefaultListableBeanFactory - Creating shared instance of singleton bean 'compositeCompatibilityVerifier'
19:18:27.687 [main] DEBUG o.s.b.f.s.DefaultListableBeanFactory - Creating shared instance of singleton bean 'springBootVersionVerifier'
19:18:27.688 [main] DEBUG o.s.b.f.s.DefaultListableBeanFactory - Creating shared instance of singleton bean 'spring.cloud.compatibility-verifier-org.springframework.cloud.configuration.CompatibilityVerifierProperties'
19:18:27.690 [main] DEBUG o.s.b.f.s.DefaultListableBeanFactory - Autowiring by type from bean name 'springBootVersionVerifier' via factory method to bean named 'spring.cloud.compatibility-verifier-org.springframework.cloud.configuration.CompatibilityVerifierProperties'
19:18:27.693 [main] DEBUG o.s.b.f.s.DefaultListableBeanFactory - Autowiring by type from bean name 'compositeCompatibilityVerifier' via factory method to bean named 'springBootVersionVerifier'
19:18:27.693 [main] DEBUG o.s.c.c.SpringBootVersionVerifier - Version found in Boot manifest [2.3.0.RELEASE]
19:18:27.693 [main] DEBUG o.s.c.c.SpringBootVersionVerifier - Predicate [Predicate for Boot 2.2] was matched
19:18:27.693 [main] DEBUG o.s.c.c.CompositeCompatibilityVerifier - All conditions are passing
19:18:27.693 [main] DEBUG o.s.b.f.s.DefaultListableBeanFactory - Creating shared instance of singleton bean 'org.springframework.cloud.netflix.eureka.loadbalancer.LoadBalancerEurekaAutoConfiguration'
19:18:27.694 [main] DEBUG o.s.b.f.s.DefaultListableBeanFactory - Creating shared instance of singleton bean 'eurekaLoadBalancerProperties'
19:18:27.694 [main] DEBUG o.s.b.f.s.DefaultListableBeanFactory - Creating shared instance of singleton bean 'spring.cloud.loadbalancer.eureka-org.springframework.cloud.netflix.eureka.loadbalancer.EurekaLoadBalancerProperties'
19:18:27.695 [main] DEBUG o.s.b.f.s.DefaultListableBeanFactory - Creating shared instance of singleton bean 'org.springframework.cloud.netflix.hystrix.HystrixCircuitBreakerAutoConfiguration'
