15:47:46.334 [DiscoveryClient-HeartbeatExecutor-0] DEBUG c.n.d.s.MonitoredConnectionManager - Get connection: {}->http://localhost:9090, timeout = 5000
15:47:46.337 [DiscoveryClient-HeartbeatExecutor-0] DEBUG c.n.d.shared.NamedConnectionPool - [{}->http://localhost:9090] total kept alive: 0, total issued: 1, total allocated: 1 out of 200
15:47:46.337 [DiscoveryClient-HeartbeatExecutor-0] DEBUG c.n.d.shared.NamedConnectionPool - No free connections [{}->http://localhost:9090][null]
15:47:46.337 [DiscoveryClient-HeartbeatExecutor-0] DEBUG c.n.d.shared.NamedConnectionPool - Available capacity: 49 out of 50 [{}->http://localhost:9090][null]
15:47:46.338 [DiscoveryClient-HeartbeatExecutor-0] DEBUG c.n.d.shared.NamedConnectionPool - Creating new connection [{}->http://localhost:9090]
15:47:46.339 [DiscoveryClient-HeartbeatExecutor-0] DEBUG o.a.h.i.c.DefaultClientConnectionOperator - Connecting to localhost:9090
15:47:46.339 [DiscoveryClient-CacheRefreshExecutor-0] DEBUG org.apache.http.wire -  << "HTTP/1.1 404 [\r][\n]"
15:47:46.340 [DiscoveryClient-CacheRefreshExecutor-0] DEBUG org.apache.http.wire -  << "Vary: Origin[\r][\n]"
15:47:46.340 [DiscoveryClient-CacheRefreshExecutor-0] DEBUG org.apache.http.wire -  << "Vary: Access-Control-Request-Method[\r][\n]"
15:47:46.340 [DiscoveryClient-CacheRefreshExecutor-0] DEBUG org.apache.http.wire -  << "Vary: Access-Control-Request-Headers[\r][\n]"
15:47:46.340 [DiscoveryClient-CacheRefreshExecutor-0] DEBUG org.apache.http.wire -  << "Content-Type: application/json[\r][\n]"
15:47:46.340 [DiscoveryClient-CacheRefreshExecutor-0] DEBUG org.apache.http.wire -  << "Transfer-Encoding: chunked[\r][\n]"
15:47:46.340 [DiscoveryClient-CacheRefreshExecutor-0] DEBUG org.apache.http.wire -  << "Date: Mon, 08 Jun 2020 07:47:46 GMT[\r][\n]"
15:47:46.340 [DiscoveryClient-CacheRefreshExecutor-0] DEBUG org.apache.http.wire -  << "Keep-Alive: timeout=60[\r][\n]"
15:47:46.340 [DiscoveryClient-CacheRefreshExecutor-0] DEBUG org.apache.http.wire -  << "Connection: keep-alive[\r][\n]"
15:47:46.340 [DiscoveryClient-CacheRefreshExecutor-0] DEBUG org.apache.http.wire -  << "[\r][\n]"
15:47:46.340 [DiscoveryClient-CacheRefreshExecutor-0] DEBUG o.a.h.i.conn.DefaultClientConnection - Receiving response: HTTP/1.1 404 
15:47:46.340 [DiscoveryClient-CacheRefreshExecutor-0] DEBUG org.apache.http.headers - << HTTP/1.1 404 
15:47:46.340 [DiscoveryClient-CacheRefreshExecutor-0] DEBUG org.apache.http.headers - << Vary: Origin
15:47:46.340 [DiscoveryClient-CacheRefreshExecutor-0] DEBUG org.apache.http.headers - << Vary: Access-Control-Request-Method
15:47:46.340 [DiscoveryClient-CacheRefreshExecutor-0] DEBUG org.apache.http.headers - << Vary: Access-Control-Request-Headers
15:47:46.340 [DiscoveryClient-CacheRefreshExecutor-0] DEBUG org.apache.http.headers - << Content-Type: application/json
15:47:46.340 [DiscoveryClient-CacheRefreshExecutor-0] DEBUG org.apache.http.headers - << Transfer-Encoding: chunked
15:47:46.340 [DiscoveryClient-CacheRefreshExecutor-0] DEBUG org.apache.http.headers - << Date: Mon, 08 Jun 2020 07:47:46 GMT
15:47:46.340 [DiscoveryClient-CacheRefreshExecutor-0] DEBUG org.apache.http.headers - << Keep-Alive: timeout=60
15:47:46.340 [DiscoveryClient-CacheRefreshExecutor-0] DEBUG org.apache.http.headers - << Connection: keep-alive
15:47:46.341 [DiscoveryClient-CacheRefreshExecutor-0] DEBUG o.a.h.impl.client.DefaultHttpClient - Connection can be kept alive for 60000 MILLISECONDS
15:47:46.341 [DiscoveryClient-HeartbeatExecutor-0] DEBUG o.a.h.c.protocol.RequestAddCookies - CookieSpec selected: default
15:47:46.341 [DiscoveryClient-HeartbeatExecutor-0] DEBUG o.a.h.c.protocol.RequestAuthCache - Auth cache not set in the context
15:47:46.341 [DiscoveryClient-CacheRefreshExecutor-0] DEBUG org.apache.http.wire -  << "72[\r][\n]"
15:47:46.341 [DiscoveryClient-HeartbeatExecutor-0] DEBUG o.a.h.c.p.RequestTargetAuthentication - Target auth state: UNCHALLENGED
15:47:46.341 [DiscoveryClient-HeartbeatExecutor-0] DEBUG o.a.h.c.p.RequestProxyAuthentication - Proxy auth state: UNCHALLENGED
