20:47:37.908 [DiscoveryClient-InstanceInfoReplicator-0] DEBUG org.apache.http.wire -  >> "{"instance":{"instanceId":"DESKTOP-I4Q3LDK.domain.name:DREAM-GATE:10900","hostName":"192.168.1.14","app":"DREAM-GATE","ipAddr":"192.168.1.14","status":"UP","overriddenStatus":"UNKNOWN","port":{"$":10900,"@enabled":"true"},"securePort":{"$":443,"@enabled":"false"},"countryId":1,"dataCenterInfo":{"@class":"com.netflix.appinfo.InstanceInfo$DefaultDataCenterInfo","name":"MyOwn"}"
20:47:37.909 [DiscoveryClient-InstanceInfoReplicator-0] DEBUG org.apache.http.wire -  >> "[\r][\n]"
20:47:37.935 [DiscoveryClient-InstanceInfoReplicator-0] DEBUG org.apache.http.wire -  >> "9d[\r][\n]"
20:47:37.935 [DiscoveryClient-InstanceInfoReplicator-0] DEBUG org.apache.http.wire -  >> ","leaseInfo":{"renewalIntervalInSecs":30,"durationInSecs":90,"registrationTimestamp":0,"lastRenewalTimestamp":0,"evictionTimestamp":0,"serviceUpTimestamp":0}"
20:47:37.935 [DiscoveryClient-InstanceInfoReplicator-0] DEBUG org.apache.http.wire -  >> "[\r][\n]"
20:47:37.941 [DiscoveryClient-InstanceInfoReplicator-0] DEBUG org.apache.http.wire -  >> "27[\r][\n]"
20:47:37.942 [DiscoveryClient-InstanceInfoReplicator-0] DEBUG org.apache.http.wire -  >> ","metadata":{"management.port":"10900"}"
20:47:37.942 [DiscoveryClient-InstanceInfoReplicator-0] DEBUG org.apache.http.wire -  >> "[\r][\n]"
20:47:37.944 [DiscoveryClient-InstanceInfoReplicator-0] DEBUG org.apache.http.wire -  >> "15c[\r][\n]"
20:47:37.944 [DiscoveryClient-InstanceInfoReplicator-0] DEBUG org.apache.http.wire -  >> ","homePageUrl":"http://192.168.1.14:10900/","statusPageUrl":"http://192.168.1.14:10900/gate/actuator/info","healthCheckUrl":"http://192.168.1.14:10900/gate/actuator/health","vipAddress":"DREAM-GATE","secureVipAddress":"DREAM-GATE","isCoordinatingDiscoveryServer":"false","lastUpdatedTimestamp":"1591620456150","lastDirtyTimestamp":"1591620457771"}}"
20:47:37.944 [DiscoveryClient-InstanceInfoReplicator-0] DEBUG org.apache.http.wire -  >> "[\r][\n]"
20:47:37.944 [DiscoveryClient-InstanceInfoReplicator-0] DEBUG org.apache.http.wire -  >> "0[\r][\n]"
20:47:37.944 [DiscoveryClient-InstanceInfoReplicator-0] DEBUG org.apache.http.wire -  >> "[\r][\n]"
20:47:37.944 [DiscoveryClient-InstanceInfoReplicator-0] DEBUG org.apache.http.wire -  << "HTTP/1.1 404 [\r][\n]"
20:47:37.945 [DiscoveryClient-InstanceInfoReplicator-0] DEBUG org.apache.http.wire -  << "Vary: Origin[\r][\n]"
20:47:37.945 [DiscoveryClient-InstanceInfoReplicator-0] DEBUG org.apache.http.wire -  << "Vary: Access-Control-Request-Method[\r][\n]"
20:47:37.945 [DiscoveryClient-InstanceInfoReplicator-0] DEBUG org.apache.http.wire -  << "Vary: Access-Control-Request-Headers[\r][\n]"
20:47:37.945 [DiscoveryClient-InstanceInfoReplicator-0] DEBUG org.apache.http.wire -  << "X-Content-Type-Options: nosniff[\r][\n]"
20:47:37.945 [DiscoveryClient-InstanceInfoReplicator-0] DEBUG org.apache.http.wire -  << "X-XSS-Protection: 1; mode=block[\r][\n]"
20:47:37.945 [DiscoveryClient-InstanceInfoReplicator-0] DEBUG org.apache.http.wire -  << "Cache-Control: no-cache, no-store, max-age=0, must-revalidate[\r][\n]"
20:47:37.945 [DiscoveryClient-InstanceInfoReplicator-0] DEBUG org.apache.http.wire -  << "Pragma: no-cache[\r][\n]"
20:47:37.945 [DiscoveryClient-InstanceInfoReplicator-0] DEBUG org.apache.http.wire -  << "Expires: 0[\r][\n]"
20:47:37.945 [DiscoveryClient-InstanceInfoReplicator-0] DEBUG org.apache.http.wire -  << "X-Frame-Options: DENY[\r][\n]"
20:47:37.945 [DiscoveryClient-InstanceInfoReplicator-0] DEBUG org.apache.http.wire -  << "Content-Type: application/json[\r][\n]"
20:47:37.945 [DiscoveryClient-InstanceInfoReplicator-0] DEBUG org.apache.http.wire -  << "Transfer-Encoding: chunked[\r][\n]"
20:47:37.945 [DiscoveryClient-InstanceInfoReplicator-0] DEBUG org.apache.http.wire -  << "Date: Mon, 08 Jun 2020 12:47:37 GMT[\r][\n]"
20:47:37.945 [DiscoveryClient-InstanceInfoReplicator-0] DEBUG org.apache.http.wire -  << "Keep-Alive: timeout=60[\r][\n]"
20:47:37.945 [DiscoveryClient-InstanceInfoReplicator-0] DEBUG org.apache.http.wire -  << "Connection: keep-alive[\r][\n]"
20:47:37.945 [DiscoveryClient-InstanceInfoReplicator-0] DEBUG org.apache.http.wire -  << "[\r][\n]"
20:47:37.946 [DiscoveryClient-InstanceInfoReplicator-0] DEBUG o.a.h.i.conn.DefaultClientConnection - Receiving response: HTTP/1.1 404 
20:47:37.946 [DiscoveryClient-InstanceInfoReplicator-0] DEBUG org.apache.http.headers - << HTTP/1.1 404 
20:47:37.946 [DiscoveryClient-InstanceInfoReplicator-0] DEBUG org.apache.http.headers - << Vary: Origin
