15:42:14.941 [DiscoveryClient-InstanceInfoReplicator-0] DEBUG c.n.d.s.t.j.AbstractJerseyEurekaHttpClient - Created client for url: http://localhost:9090/eureka/
15:42:14.962 [main] INFO  o.s.b.w.e.tomcat.TomcatWebServer - Tomcat started on port(s): 10900 (http) with context path ''
15:42:14.963 [main] INFO  o.s.c.n.e.s.EurekaAutoServiceRegistration - Updating port to 10900
15:42:14.998 [DiscoveryClient-InstanceInfoReplicator-0] DEBUG c.n.d.s.MonitoredConnectionManager - Get connection: {}->http://localhost:9090, timeout = 5000
15:42:14.999 [DiscoveryClient-InstanceInfoReplicator-0] DEBUG c.n.d.shared.NamedConnectionPool - [{}->http://localhost:9090] total kept alive: 0, total issued: 0, total allocated: 0 out of 200
15:42:14.999 [DiscoveryClient-InstanceInfoReplicator-0] DEBUG c.n.d.shared.NamedConnectionPool - No free connections [{}->http://localhost:9090][null]
15:42:14.999 [DiscoveryClient-InstanceInfoReplicator-0] DEBUG c.n.d.shared.NamedConnectionPool - Available capacity: 50 out of 50 [{}->http://localhost:9090][null]
15:42:14.999 [DiscoveryClient-InstanceInfoReplicator-0] DEBUG c.n.d.shared.NamedConnectionPool - Creating new connection [{}->http://localhost:9090]
15:42:15.006 [DiscoveryClient-InstanceInfoReplicator-0] DEBUG o.a.h.i.c.DefaultClientConnectionOperator - Connecting to localhost:9090
15:42:15.024 [DiscoveryClient-InstanceInfoReplicator-0] DEBUG o.a.h.c.protocol.RequestAddCookies - CookieSpec selected: default
15:42:15.025 [DiscoveryClient-InstanceInfoReplicator-0] DEBUG o.a.h.c.protocol.RequestAuthCache - Auth cache not set in the context
15:42:15.025 [DiscoveryClient-InstanceInfoReplicator-0] DEBUG o.a.h.c.p.RequestTargetAuthentication - Target auth state: UNCHALLENGED
15:42:15.025 [DiscoveryClient-InstanceInfoReplicator-0] DEBUG o.a.h.c.p.RequestProxyAuthentication - Proxy auth state: UNCHALLENGED
15:42:15.025 [DiscoveryClient-InstanceInfoReplicator-0] DEBUG o.a.h.impl.client.DefaultHttpClient - Attempt 1 to execute request
15:42:15.025 [DiscoveryClient-InstanceInfoReplicator-0] DEBUG o.a.h.i.conn.DefaultClientConnection - Sending request: POST /eureka/apps/DREAM-GATE HTTP/1.1
15:42:15.026 [DiscoveryClient-InstanceInfoReplicator-0] DEBUG org.apache.http.wire -  >> "POST /eureka/apps/DREAM-GATE HTTP/1.1[\r][\n]"
15:42:15.026 [DiscoveryClient-InstanceInfoReplicator-0] DEBUG org.apache.http.wire -  >> "Accept-Encoding: gzip[\r][\n]"
15:42:15.026 [DiscoveryClient-InstanceInfoReplicator-0] DEBUG org.apache.http.wire -  >> "Content-Type: application/json[\r][\n]"
15:42:15.026 [DiscoveryClient-InstanceInfoReplicator-0] DEBUG org.apache.http.wire -  >> "Accept: application/json[\r][\n]"
15:42:15.026 [DiscoveryClient-InstanceInfoReplicator-0] DEBUG org.apache.http.wire -  >> "DiscoveryIdentity-Name: DefaultClient[\r][\n]"
15:42:15.026 [DiscoveryClient-InstanceInfoReplicator-0] DEBUG org.apache.http.wire -  >> "DiscoveryIdentity-Version: 1.4[\r][\n]"
15:42:15.026 [DiscoveryClient-InstanceInfoReplicator-0] DEBUG org.apache.http.wire -  >> "DiscoveryIdentity-Id: 192.168.1.14[\r][\n]"
15:42:15.026 [DiscoveryClient-InstanceInfoReplicator-0] DEBUG org.apache.http.wire -  >> "Transfer-Encoding: chunked[\r][\n]"
15:42:15.026 [DiscoveryClient-InstanceInfoReplicator-0] DEBUG org.apache.http.wire -  >> "Host: localhost:9090[\r][\n]"
15:42:15.026 [DiscoveryClient-InstanceInfoReplicator-0] DEBUG org.apache.http.wire -  >> "Connection: Keep-Alive[\r][\n]"
15:42:15.026 [DiscoveryClient-InstanceInfoReplicator-0] DEBUG org.apache.http.wire -  >> "User-Agent: Java-EurekaClient/v1.9.21[\r][\n]"
15:42:15.026 [DiscoveryClient-InstanceInfoReplicator-0] DEBUG org.apache.http.wire -  >> "[\r][\n]"
15:42:15.026 [DiscoveryClient-InstanceInfoReplicator-0] DEBUG org.apache.http.headers - >> POST /eureka/apps/DREAM-GATE HTTP/1.1
15:42:15.026 [DiscoveryClient-InstanceInfoReplicator-0] DEBUG org.apache.http.headers - >> Accept-Encoding: gzip
15:42:15.027 [DiscoveryClient-InstanceInfoReplicator-0] DEBUG org.apache.http.headers - >> Content-Type: application/json
15:42:15.027 [DiscoveryClient-InstanceInfoReplicator-0] DEBUG org.apache.http.headers - >> Accept: application/json
15:42:15.027 [DiscoveryClient-InstanceInfoReplicator-0] DEBUG org.apache.http.headers - >> DiscoveryIdentity-Name: DefaultClient
