14:43:28.773 [Apache-HttpClient-Conn-Cleaner2] DEBUG c.n.d.s.MonitoredConnectionManager - Closing connections idle longer than 30 SECONDS
14:43:28.773 [Apache-HttpClient-Conn-Cleaner2] DEBUG c.n.d.shared.NamedConnectionPool - Closing connections idle longer than 30 SECONDS
14:43:28.773 [Apache-HttpClient-Conn-Cleaner2] DEBUG c.n.d.shared.NamedConnectionPool - Closing connection last used @ Mon Jun 08 12:29:20 CST 2020
14:43:28.773 [Apache-HttpClient-Conn-Cleaner2] DEBUG c.n.d.shared.NamedConnectionPool - Deleting connection [{}->http://localhost:9090][null]
14:43:28.774 [Apache-HttpClient-Conn-Cleaner2] DEBUG o.a.h.i.conn.DefaultClientConnection - Connection 0.0.0.0:49532<->127.0.0.1:9090 closed
14:43:28.774 [Apache-HttpClient-Conn-Cleaner2] DEBUG c.n.d.shared.NamedConnectionPool - Closing connection last used @ Mon Jun 08 12:29:20 CST 2020
14:43:28.774 [Apache-HttpClient-Conn-Cleaner2] DEBUG c.n.d.shared.NamedConnectionPool - Deleting connection [{}->http://localhost:9090][null]
14:43:28.775 [Apache-HttpClient-Conn-Cleaner2] DEBUG o.a.h.i.conn.DefaultClientConnection - Connection 0.0.0.0:49571<->127.0.0.1:9090 closed
14:43:29.171 [DiscoveryClient-HeartbeatExecutor-0] DEBUG c.n.d.s.t.d.SessionedEurekaHttpClient - Ending a session and starting anew
14:43:29.171 [DiscoveryClient-CacheRefreshExecutor-0] INFO  c.netflix.discovery.DiscoveryClient - Disable delta property : false
14:43:29.171 [DiscoveryClient-CacheRefreshExecutor-0] INFO  c.netflix.discovery.DiscoveryClient - Single vip registry refresh property : null
14:43:29.171 [DiscoveryClient-CacheRefreshExecutor-0] INFO  c.netflix.discovery.DiscoveryClient - Force full registry fetch : false
14:43:29.171 [DiscoveryClient-CacheRefreshExecutor-0] INFO  c.netflix.discovery.DiscoveryClient - Application is null : false
14:43:29.171 [DiscoveryClient-CacheRefreshExecutor-0] INFO  c.netflix.discovery.DiscoveryClient - Registered Applications size is zero : true
14:43:29.171 [DiscoveryClient-CacheRefreshExecutor-0] INFO  c.netflix.discovery.DiscoveryClient - Application version is -1: true
14:43:29.171 [DiscoveryClient-CacheRefreshExecutor-0] INFO  c.netflix.discovery.DiscoveryClient - Getting all instance registry info from the eureka server
14:43:29.171 [DiscoveryClient-CacheRefreshExecutor-0] DEBUG c.n.d.s.t.d.SessionedEurekaHttpClient - Ending a session and starting anew
14:43:29.172 [DiscoveryClient-CacheRefreshExecutor-0] DEBUG c.n.d.s.t.j.AbstractJerseyEurekaHttpClient - Created client for url: http://localhost:9090/eureka/
14:43:29.172 [DiscoveryClient-HeartbeatExecutor-0] DEBUG c.n.d.s.t.j.AbstractJerseyEurekaHttpClient - Created client for url: http://localhost:9090/eureka/
14:43:29.172 [DiscoveryClient-HeartbeatExecutor-0] DEBUG c.n.d.s.MonitoredConnectionManager - Get connection: {}->http://localhost:9090, timeout = 5000
14:43:29.172 [DiscoveryClient-CacheRefreshExecutor-0] DEBUG c.n.d.s.MonitoredConnectionManager - Get connection: {}->http://localhost:9090, timeout = 5000
14:43:29.172 [DiscoveryClient-HeartbeatExecutor-0] DEBUG c.n.d.shared.NamedConnectionPool - [{}->http://localhost:9090] total kept alive: 0, total issued: 0, total allocated: 0 out of 200
14:43:29.172 [DiscoveryClient-HeartbeatExecutor-0] DEBUG c.n.d.shared.NamedConnectionPool - No free connections [{}->http://localhost:9090][null]
14:43:29.172 [DiscoveryClient-HeartbeatExecutor-0] DEBUG c.n.d.shared.NamedConnectionPool - Available capacity: 50 out of 50 [{}->http://localhost:9090][null]
14:43:29.172 [DiscoveryClient-HeartbeatExecutor-0] DEBUG c.n.d.shared.NamedConnectionPool - Creating new connection [{}->http://localhost:9090]
14:43:29.173 [DiscoveryClient-CacheRefreshExecutor-0] DEBUG c.n.d.shared.NamedConnectionPool - [{}->http://localhost:9090] total kept alive: 0, total issued: 1, total allocated: 1 out of 200
14:43:29.173 [DiscoveryClient-CacheRefreshExecutor-0] DEBUG c.n.d.shared.NamedConnectionPool - No free connections [{}->http://localhost:9090][null]
14:43:29.173 [DiscoveryClient-CacheRefreshExecutor-0] DEBUG c.n.d.shared.NamedConnectionPool - Available capacity: 49 out of 50 [{}->http://localhost:9090][null]
14:43:29.173 [DiscoveryClient-CacheRefreshExecutor-0] DEBUG c.n.d.shared.NamedConnectionPool - Creating new connection [{}->http://localhost:9090]
14:43:29.173 [DiscoveryClient-HeartbeatExecutor-0] DEBUG o.a.h.i.c.DefaultClientConnectionOperator - Connecting to localhost:9090
14:43:29.173 [DiscoveryClient-CacheRefreshExecutor-0] DEBUG o.a.h.i.c.DefaultClientConnectionOperator - Connecting to localhost:9090
14:43:29.174 [DiscoveryClient-CacheRefreshExecutor-0] DEBUG o.a.h.c.protocol.RequestAddCookies - CookieSpec selected: default
14:43:29.174 [DiscoveryClient-CacheRefreshExecutor-0] DEBUG o.a.h.c.protocol.RequestAuthCache - Auth cache not set in the context
14:43:29.174 [DiscoveryClient-CacheRefreshExecutor-0] DEBUG o.a.h.c.p.RequestTargetAuthentication - Target auth state: UNCHALLENGED
14:43:29.174 [DiscoveryClient-CacheRefreshExecutor-0] DEBUG o.a.h.c.p.RequestProxyAuthentication - Proxy auth state: UNCHALLENGED
14:43:29.174 [DiscoveryClient-HeartbeatExecutor-0] DEBUG o.a.h.c.protocol.RequestAddCookies - CookieSpec selected: default
14:43:29.174 [DiscoveryClient-CacheRefreshExecutor-0] DEBUG o.a.h.impl.client.DefaultHttpClient - Attempt 1 to execute request
14:43:29.174 [DiscoveryClient-CacheRefreshExecutor-0] DEBUG o.a.h.i.conn.DefaultClientConnection - Sending request: GET /eureka/apps/ HTTP/1.1
14:43:29.174 [DiscoveryClient-HeartbeatExecutor-0] DEBUG o.a.h.c.protocol.RequestAuthCache - Auth cache not set in the context
14:43:29.174 [DiscoveryClient-CacheRefreshExecutor-0] DEBUG org.apache.http.wire -  >> "GET /eureka/apps/ HTTP/1.1[\r][\n]"
14:43:29.174 [DiscoveryClient-HeartbeatExecutor-0] DEBUG o.a.h.c.p.RequestTargetAuthentication - Target auth state: UNCHALLENGED
14:43:29.174 [DiscoveryClient-CacheRefreshExecutor-0] DEBUG org.apache.http.wire -  >> "Accept: application/json[\r][\n]"
14:43:29.174 [DiscoveryClient-HeartbeatExecutor-0] DEBUG o.a.h.c.p.RequestProxyAuthentication - Proxy auth state: UNCHALLENGED
14:43:29.174 [DiscoveryClient-CacheRefreshExecutor-0] DEBUG org.apache.http.wire -  >> "DiscoveryIdentity-Name: DefaultClient[\r][\n]"
14:43:29.174 [DiscoveryClient-HeartbeatExecutor-0] DEBUG o.a.h.impl.client.DefaultHttpClient - Attempt 1 to execute request
14:43:29.174 [DiscoveryClient-CacheRefreshExecutor-0] DEBUG org.apache.http.wire -  >> "DiscoveryIdentity-Version: 1.4[\r][\n]"
14:43:29.174 [DiscoveryClient-HeartbeatExecutor-0] DEBUG o.a.h.i.conn.DefaultClientConnection - Sending request: PUT /eureka/apps/UNKNOWN/DESKTOP-I4Q3LDK.domain.name:10900?status=UP&lastDirtyTimestamp=1591590530710 HTTP/1.1
14:43:29.174 [DiscoveryClient-CacheRefreshExecutor-0] DEBUG org.apache.http.wire -  >> "DiscoveryIdentity-Id: 192.168.1.14[\r][\n]"
