15:12:02.124 [DiscoveryClient-CacheRefreshExecutor-0] DEBUG org.apache.http.headers - >> Accept: application/json
15:12:02.126 [DiscoveryClient-CacheRefreshExecutor-0] DEBUG org.apache.http.headers - >> DiscoveryIdentity-Name: DefaultClient
15:12:02.126 [DiscoveryClient-CacheRefreshExecutor-0] DEBUG org.apache.http.headers - >> DiscoveryIdentity-Version: 1.4
15:12:02.124 [DiscoveryClient-HeartbeatExecutor-0] DEBUG org.apache.http.wire -  >> "[\r][\n]"
15:12:02.127 [DiscoveryClient-HeartbeatExecutor-0] DEBUG org.apache.http.headers - >> PUT /eureka/apps/UNKNOWN/DESKTOP-I4Q3LDK.domain.name:10900?status=UP&lastDirtyTimestamp=1591599661462 HTTP/1.1
15:12:02.127 [DiscoveryClient-HeartbeatExecutor-0] DEBUG org.apache.http.headers - >> DiscoveryIdentity-Name: DefaultClient
15:12:02.128 [DiscoveryClient-HeartbeatExecutor-0] DEBUG org.apache.http.headers - >> DiscoveryIdentity-Version: 1.4
15:12:02.128 [DiscoveryClient-HeartbeatExecutor-0] DEBUG org.apache.http.headers - >> DiscoveryIdentity-Id: 192.168.1.14
15:12:02.127 [DiscoveryClient-CacheRefreshExecutor-0] DEBUG org.apache.http.headers - >> DiscoveryIdentity-Id: 192.168.1.14
15:12:02.128 [DiscoveryClient-CacheRefreshExecutor-0] DEBUG org.apache.http.headers - >> Accept-Encoding: gzip
15:12:02.128 [DiscoveryClient-CacheRefreshExecutor-0] DEBUG org.apache.http.headers - >> Host: localhost:9090
15:12:02.128 [DiscoveryClient-HeartbeatExecutor-0] DEBUG org.apache.http.headers - >> Accept-Encoding: gzip
15:12:02.128 [DiscoveryClient-CacheRefreshExecutor-0] DEBUG org.apache.http.headers - >> Connection: Keep-Alive
15:12:02.128 [DiscoveryClient-CacheRefreshExecutor-0] DEBUG org.apache.http.headers - >> User-Agent: Java-EurekaClient/v1.9.21
15:12:02.128 [DiscoveryClient-HeartbeatExecutor-0] DEBUG org.apache.http.headers - >> Content-Length: 0
15:12:02.128 [DiscoveryClient-HeartbeatExecutor-0] DEBUG org.apache.http.headers - >> Host: localhost:9090
15:12:02.128 [DiscoveryClient-HeartbeatExecutor-0] DEBUG org.apache.http.headers - >> Connection: Keep-Alive
15:12:02.128 [DiscoveryClient-HeartbeatExecutor-0] DEBUG org.apache.http.headers - >> User-Agent: Java-EurekaClient/v1.9.21
15:12:02.137 [DiscoveryClient-HeartbeatExecutor-0] DEBUG org.apache.http.wire -  << "HTTP/1.1 404 [\r][\n]"
15:12:02.137 [DiscoveryClient-CacheRefreshExecutor-0] DEBUG org.apache.http.wire -  << "HTTP/1.1 404 [\r][\n]"
15:12:02.137 [DiscoveryClient-HeartbeatExecutor-0] DEBUG org.apache.http.wire -  << "Vary: Origin[\r][\n]"
15:12:02.138 [DiscoveryClient-HeartbeatExecutor-0] DEBUG org.apache.http.wire -  << "Vary: Access-Control-Request-Method[\r][\n]"
15:12:02.138 [DiscoveryClient-HeartbeatExecutor-0] DEBUG org.apache.http.wire -  << "Vary: Access-Control-Request-Headers[\r][\n]"
15:12:02.138 [DiscoveryClient-HeartbeatExecutor-0] DEBUG org.apache.http.wire -  << "Content-Type: application/json[\r][\n]"
15:12:02.138 [DiscoveryClient-CacheRefreshExecutor-0] DEBUG org.apache.http.wire -  << "Vary: Origin[\r][\n]"
15:12:02.138 [DiscoveryClient-HeartbeatExecutor-0] DEBUG org.apache.http.wire -  << "Transfer-Encoding: chunked[\r][\n]"
15:12:02.138 [DiscoveryClient-CacheRefreshExecutor-0] DEBUG org.apache.http.wire -  << "Vary: Access-Control-Request-Method[\r][\n]"
15:12:02.138 [DiscoveryClient-HeartbeatExecutor-0] DEBUG org.apache.http.wire -  << "Date: Mon, 08 Jun 2020 07:12:02 GMT[\r][\n]"
15:12:02.138 [DiscoveryClient-CacheRefreshExecutor-0] DEBUG org.apache.http.wire -  << "Vary: Access-Control-Request-Headers[\r][\n]"
15:12:02.138 [DiscoveryClient-HeartbeatExecutor-0] DEBUG org.apache.http.wire -  << "Keep-Alive: timeout=60[\r][\n]"
15:12:02.138 [DiscoveryClient-CacheRefreshExecutor-0] DEBUG org.apache.http.wire -  << "Content-Type: application/json[\r][\n]"
15:12:02.138 [DiscoveryClient-CacheRefreshExecutor-0] DEBUG org.apache.http.wire -  << "Transfer-Encoding: chunked[\r][\n]"
15:12:02.138 [DiscoveryClient-HeartbeatExecutor-0] DEBUG org.apache.http.wire -  << "Connection: keep-alive[\r][\n]"
15:12:02.138 [DiscoveryClient-HeartbeatExecutor-0] DEBUG org.apache.http.wire -  << "[\r][\n]"
15:12:02.138 [DiscoveryClient-CacheRefreshExecutor-0] DEBUG org.apache.http.wire -  << "Date: Mon, 08 Jun 2020 07:12:02 GMT[\r][\n]"
15:12:02.139 [DiscoveryClient-HeartbeatExecutor-0] DEBUG o.a.h.i.conn.DefaultClientConnection - Receiving response: HTTP/1.1 404 
15:12:02.139 [DiscoveryClient-CacheRefreshExecutor-0] DEBUG org.apache.http.wire -  << "Keep-Alive: timeout=60[\r][\n]"
15:12:02.139 [DiscoveryClient-HeartbeatExecutor-0] DEBUG org.apache.http.headers - << HTTP/1.1 404 
15:12:02.139 [DiscoveryClient-CacheRefreshExecutor-0] DEBUG org.apache.http.wire -  << "Connection: keep-alive[\r][\n]"
15:12:02.139 [DiscoveryClient-HeartbeatExecutor-0] DEBUG org.apache.http.headers - << Vary: Origin
15:12:02.139 [DiscoveryClient-HeartbeatExecutor-0] DEBUG org.apache.http.headers - << Vary: Access-Control-Request-Method
15:12:02.139 [DiscoveryClient-HeartbeatExecutor-0] DEBUG org.apache.http.headers - << Vary: Access-Control-Request-Headers
15:12:02.139 [DiscoveryClient-HeartbeatExecutor-0] DEBUG org.apache.http.headers - << Content-Type: application/json
15:12:02.139 [DiscoveryClient-CacheRefreshExecutor-0] DEBUG org.apache.http.wire -  << "[\r][\n]"
15:12:02.139 [DiscoveryClient-CacheRefreshExecutor-0] DEBUG o.a.h.i.conn.DefaultClientConnection - Receiving response: HTTP/1.1 404 
15:12:02.139 [DiscoveryClient-CacheRefreshExecutor-0] DEBUG org.apache.http.headers - << HTTP/1.1 404 
15:12:02.139 [DiscoveryClient-CacheRefreshExecutor-0] DEBUG org.apache.http.headers - << Vary: Origin
15:12:02.139 [DiscoveryClient-CacheRefreshExecutor-0] DEBUG org.apache.http.headers - << Vary: Access-Control-Request-Method
15:12:02.139 [DiscoveryClient-HeartbeatExecutor-0] DEBUG org.apache.http.headers - << Transfer-Encoding: chunked
15:12:02.139 [DiscoveryClient-HeartbeatExecutor-0] DEBUG org.apache.http.headers - << Date: Mon, 08 Jun 2020 07:12:02 GMT
15:12:02.139 [DiscoveryClient-HeartbeatExecutor-0] DEBUG org.apache.http.headers - << Keep-Alive: timeout=60
15:12:02.139 [DiscoveryClient-HeartbeatExecutor-0] DEBUG org.apache.http.headers - << Connection: keep-alive
15:12:02.139 [DiscoveryClient-CacheRefreshExecutor-0] DEBUG org.apache.http.headers - << Vary: Access-Control-Request-Headers
15:12:02.139 [DiscoveryClient-CacheRefreshExecutor-0] DEBUG org.apache.http.headers - << Content-Type: application/json
15:12:02.139 [DiscoveryClient-CacheRefreshExecutor-0] DEBUG org.apache.http.headers - << Transfer-Encoding: chunked
15:12:02.139 [DiscoveryClient-CacheRefreshExecutor-0] DEBUG org.apache.http.headers - << Date: Mon, 08 Jun 2020 07:12:02 GMT
15:12:02.139 [DiscoveryClient-CacheRefreshExecutor-0] DEBUG org.apache.http.headers - << Keep-Alive: timeout=60
15:12:02.139 [DiscoveryClient-CacheRefreshExecutor-0] DEBUG org.apache.http.headers - << Connection: keep-alive
15:12:02.140 [DiscoveryClient-HeartbeatExecutor-0] DEBUG o.a.h.impl.client.DefaultHttpClient - Connection can be kept alive for 60000 MILLISECONDS
15:12:02.140 [DiscoveryClient-CacheRefreshExecutor-0] DEBUG o.a.h.impl.client.DefaultHttpClient - Connection can be kept alive for 60000 MILLISECONDS
15:12:02.140 [DiscoveryClient-HeartbeatExecutor-0] DEBUG org.apache.http.wire -  << "9b[\r][\n]"
15:12:02.140 [DiscoveryClient-CacheRefreshExecutor-0] DEBUG org.apache.http.wire -  << "72[\r][\n]"
15:12:02.140 [DiscoveryClient-HeartbeatExecutor-0] DEBUG org.apache.http.wire -  << "{"timestamp":"2020-06-08T07:12:02.136+00:00","status":404,"error":"Not Found","message":"","path":"/eureka/apps/UNKNOWN/DESKTOP-I4Q3LDK.domain.name:10900"}"
15:12:02.140 [DiscoveryClient-CacheRefreshExecutor-0] DEBUG org.apache.http.wire -  << "{"timestamp":"2020-06-08T07:12:02.136+00:00","status":404,"error":"Not Found","message":"","path":"/eureka/apps/"}"
