20:01:10.254 [restartedMain] DEBUG o.s.b.f.s.DefaultListableBeanFactory - Autowiring by type from bean name 'restTemplateCustomizer' via factory method to bean named 'ribbonInterceptor'
20:01:10.257 [restartedMain] DEBUG o.s.b.f.s.DefaultListableBeanFactory - Creating shared instance of singleton bean 'loadBalancedRestTemplateInitializerDeprecated'
20:01:10.258 [restartedMain] DEBUG o.s.b.f.s.DefaultListableBeanFactory - Creating shared instance of singleton bean 'spring.cloud.loadbalancer.retry-org.springframework.cloud.client.loadbalancer.LoadBalancerRetryProperties'
20:01:10.258 [restartedMain] DEBUG o.s.b.f.s.DefaultListableBeanFactory - Creating shared instance of singleton bean 'org.springframework.cloud.client.serviceregistry.ServiceRegistryAutoConfiguration'
20:01:10.259 [restartedMain] DEBUG o.s.b.f.s.DefaultListableBeanFactory - Creating shared instance of singleton bean 'org.springframework.cloud.commons.httpclient.HttpClientConfiguration$ApacheHttpClientConfiguration'
20:01:10.259 [restartedMain] DEBUG o.s.b.f.s.DefaultListableBeanFactory - Creating shared instance of singleton bean 'connManFactory'
20:01:10.261 [restartedMain] DEBUG o.s.b.f.s.DefaultListableBeanFactory - Creating shared instance of singleton bean 'apacheHttpClientBuilder'
20:01:10.268 [restartedMain] DEBUG o.s.b.f.s.DefaultListableBeanFactory - Creating shared instance of singleton bean 'apacheHttpClientFactory'
20:01:10.269 [restartedMain] DEBUG o.s.b.f.s.DefaultListableBeanFactory - Autowiring by type from bean name 'apacheHttpClientFactory' via factory method to bean named 'apacheHttpClientBuilder'
20:01:10.270 [restartedMain] DEBUG o.s.b.f.s.DefaultListableBeanFactory - Creating shared instance of singleton bean 'org.springframework.cloud.commons.httpclient.HttpClientConfiguration'
20:01:10.270 [restartedMain] DEBUG o.s.b.f.s.DefaultListableBeanFactory - Creating shared instance of singleton bean 'org.springframework.cloud.configuration.CompatibilityVerifierAutoConfiguration'
20:01:10.270 [restartedMain] DEBUG o.s.b.f.s.DefaultListableBeanFactory - Creating shared instance of singleton bean 'compositeCompatibilityVerifier'
20:01:10.271 [restartedMain] DEBUG o.s.b.f.s.DefaultListableBeanFactory - Creating shared instance of singleton bean 'springBootVersionVerifier'
20:01:10.271 [restartedMain] DEBUG o.s.b.f.s.DefaultListableBeanFactory - Creating shared instance of singleton bean 'spring.cloud.compatibility-verifier-org.springframework.cloud.configuration.CompatibilityVerifierProperties'
20:01:10.274 [restartedMain] DEBUG o.s.b.f.s.DefaultListableBeanFactory - Autowiring by type from bean name 'springBootVersionVerifier' via factory method to bean named 'spring.cloud.compatibility-verifier-org.springframework.cloud.configuration.CompatibilityVerifierProperties'
20:01:10.278 [restartedMain] DEBUG o.s.b.f.s.DefaultListableBeanFactory - Autowiring by type from bean name 'compositeCompatibilityVerifier' via factory method to bean named 'springBootVersionVerifier'
20:01:10.278 [restartedMain] DEBUG o.s.c.c.SpringBootVersionVerifier - Version found in Boot manifest [2.3.0.RELEASE]
20:01:10.278 [restartedMain] DEBUG o.s.c.c.SpringBootVersionVerifier - Predicate [Predicate for Boot 2.2] was matched
20:01:10.278 [restartedMain] DEBUG o.s.c.c.CompositeCompatibilityVerifier - All conditions are passing
20:01:10.278 [restartedMain] DEBUG o.s.b.f.s.DefaultListableBeanFactory - Creating shared instance of singleton bean 'org.springframework.cloud.netflix.eureka.loadbalancer.LoadBalancerEurekaAutoConfiguration'
20:01:10.279 [restartedMain] DEBUG o.s.b.f.s.DefaultListableBeanFactory - Creating shared instance of singleton bean 'eurekaLoadBalancerProperties'
20:01:10.280 [restartedMain] DEBUG o.s.b.f.s.DefaultListableBeanFactory - Creating shared instance of singleton bean 'spring.cloud.loadbalancer.eureka-org.springframework.cloud.netflix.eureka.loadbalancer.EurekaLoadBalancerProperties'
20:01:10.281 [restartedMain] DEBUG o.s.b.f.s.DefaultListableBeanFactory - Creating shared instance of singleton bean 'org.springframework.cloud.netflix.hystrix.HystrixCircuitBreakerAutoConfiguration'
20:01:10.282 [restartedMain] DEBUG o.s.b.f.s.DefaultListableBeanFactory - Creating shared instance of singleton bean 'hystrixCircuitBreakerFactory'
20:01:10.285 [restartedMain] DEBUG o.s.b.f.s.DefaultListableBeanFactory - Creating shared instance of singleton bean 'org.springframework.cloud.netflix.hystrix.ReactiveHystrixCircuitBreakerAutoConfiguration'
20:01:10.286 [restartedMain] DEBUG o.s.b.f.s.DefaultListableBeanFactory - Creating shared instance of singleton bean 'reactiveHystrixCircuitBreakerFactory'
20:01:10.288 [restartedMain] DEBUG o.s.b.f.s.DefaultListableBeanFactory - Creating shared instance of singleton bean 'org.springframework.cloud.netflix.ribbon.eureka.RibbonEurekaAutoConfiguration'
20:01:10.304 [restartedMain] DEBUG o.s.c.s.DefaultLifecycleProcessor - Starting beans in phase 0
20:01:10.306 [restartedMain] DEBUG o.s.b.f.s.DefaultListableBeanFactory - Autowiring by type from bean name 'scopedTarget.eurekaRegistration' via factory method to bean named 'eurekaClient'
20:01:10.307 [restartedMain] DEBUG o.s.b.f.s.DefaultListableBeanFactory - Autowiring by type from bean name 'scopedTarget.eurekaRegistration' via factory method to bean named 'eurekaInstanceConfigBean'
20:01:10.307 [restartedMain] DEBUG o.s.b.f.s.DefaultListableBeanFactory - Autowiring by type from bean name 'scopedTarget.eurekaRegistration' via factory method to bean named 'eurekaApplicationInfoManager'
20:01:10.312 [restartedMain] DEBUG o.s.b.f.s.DefaultListableBeanFactory - Autowiring by type from bean name 'scopedTarget.eurekaApplicationInfoManager' via factory method to bean named 'eurekaInstanceConfigBean'
20:01:10.320 [restartedMain] INFO  o.s.c.n.eureka.InstanceInfoFactory - Setting initial instance status as: STARTING
20:01:10.322 [restartedMain] DEBUG o.s.b.f.s.DefaultListableBeanFactory - Autowiring by type from bean name 'scopedTarget.eurekaClient' via factory method to bean named 'eurekaApplicationInfoManager'
20:01:10.322 [restartedMain] DEBUG o.s.b.f.s.DefaultListableBeanFactory - Autowiring by type from bean name 'scopedTarget.eurekaClient' via factory method to bean named 'eurekaClientConfigBean'
20:01:10.322 [restartedMain] DEBUG o.s.b.f.s.DefaultListableBeanFactory - Autowiring by type from bean name 'scopedTarget.eurekaClient' via factory method to bean named 'eurekaInstanceConfigBean'
20:01:10.425 [restartedMain] INFO  c.netflix.discovery.DiscoveryClient - Initializing Eureka in region us-east-1
