20:43:42.460 [DiscoveryClient-HeartbeatExecutor-0] DEBUG org.apache.http.wire -  << "X-Content-Type-Options: nosniff[\r][\n]"
20:43:42.461 [DiscoveryClient-HeartbeatExecutor-0] DEBUG org.apache.http.wire -  << "X-XSS-Protection: 1; mode=block[\r][\n]"
20:43:42.461 [DiscoveryClient-HeartbeatExecutor-0] DEBUG org.apache.http.wire -  << "Cache-Control: no-cache, no-store, max-age=0, must-revalidate[\r][\n]"
20:43:42.461 [DiscoveryClient-HeartbeatExecutor-0] DEBUG org.apache.http.wire -  << "Pragma: no-cache[\r][\n]"
20:43:42.461 [DiscoveryClient-HeartbeatExecutor-0] DEBUG org.apache.http.wire -  << "Expires: 0[\r][\n]"
20:43:42.461 [DiscoveryClient-HeartbeatExecutor-0] DEBUG org.apache.http.wire -  << "X-Frame-Options: DENY[\r][\n]"
20:43:42.462 [DiscoveryClient-HeartbeatExecutor-0] DEBUG org.apache.http.wire -  << "Content-Type: application/json[\r][\n]"
20:43:42.462 [DiscoveryClient-HeartbeatExecutor-0] DEBUG org.apache.http.wire -  << "Transfer-Encoding: chunked[\r][\n]"
20:43:42.462 [DiscoveryClient-HeartbeatExecutor-0] DEBUG org.apache.http.wire -  << "Date: Mon, 08 Jun 2020 12:43:42 GMT[\r][\n]"
20:43:42.462 [DiscoveryClient-HeartbeatExecutor-0] DEBUG org.apache.http.wire -  << "Keep-Alive: timeout=60[\r][\n]"
20:43:42.462 [DiscoveryClient-HeartbeatExecutor-0] DEBUG org.apache.http.wire -  << "Connection: keep-alive[\r][\n]"
20:43:42.462 [DiscoveryClient-HeartbeatExecutor-0] DEBUG org.apache.http.wire -  << "[\r][\n]"
20:43:42.462 [DiscoveryClient-HeartbeatExecutor-0] DEBUG o.a.h.i.conn.DefaultClientConnection - Receiving response: HTTP/1.1 404 
20:43:42.462 [DiscoveryClient-HeartbeatExecutor-0] DEBUG org.apache.http.headers - << HTTP/1.1 404 
20:43:42.462 [DiscoveryClient-HeartbeatExecutor-0] DEBUG org.apache.http.headers - << Vary: Origin
20:43:42.462 [DiscoveryClient-HeartbeatExecutor-0] DEBUG org.apache.http.headers - << Vary: Access-Control-Request-Method
20:43:42.462 [DiscoveryClient-HeartbeatExecutor-0] DEBUG org.apache.http.headers - << Vary: Access-Control-Request-Headers
20:43:42.462 [DiscoveryClient-HeartbeatExecutor-0] DEBUG org.apache.http.headers - << X-Content-Type-Options: nosniff
20:43:42.462 [DiscoveryClient-HeartbeatExecutor-0] DEBUG org.apache.http.headers - << X-XSS-Protection: 1; mode=block
20:43:42.462 [DiscoveryClient-HeartbeatExecutor-0] DEBUG org.apache.http.headers - << Cache-Control: no-cache, no-store, max-age=0, must-revalidate
20:43:42.462 [DiscoveryClient-HeartbeatExecutor-0] DEBUG org.apache.http.headers - << Pragma: no-cache
20:43:42.462 [DiscoveryClient-HeartbeatExecutor-0] DEBUG org.apache.http.headers - << Expires: 0
20:43:42.462 [DiscoveryClient-HeartbeatExecutor-0] DEBUG org.apache.http.headers - << X-Frame-Options: DENY
20:43:42.462 [DiscoveryClient-HeartbeatExecutor-0] DEBUG org.apache.http.headers - << Content-Type: application/json
20:43:42.462 [DiscoveryClient-HeartbeatExecutor-0] DEBUG org.apache.http.headers - << Transfer-Encoding: chunked
20:43:42.462 [DiscoveryClient-HeartbeatExecutor-0] DEBUG org.apache.http.headers - << Date: Mon, 08 Jun 2020 12:43:42 GMT
20:43:42.462 [DiscoveryClient-HeartbeatExecutor-0] DEBUG org.apache.http.headers - << Keep-Alive: timeout=60
20:43:42.462 [DiscoveryClient-HeartbeatExecutor-0] DEBUG org.apache.http.headers - << Connection: keep-alive
20:43:42.462 [DiscoveryClient-HeartbeatExecutor-0] DEBUG o.a.h.impl.client.DefaultHttpClient - Connection can be kept alive for 60000 MILLISECONDS
20:43:42.462 [DiscoveryClient-HeartbeatExecutor-0] DEBUG org.apache.http.wire -  << "a9[\r][\n]"
20:43:42.462 [DiscoveryClient-HeartbeatExecutor-0] DEBUG org.apache.http.wire -  << "{"timestamp":"2020-06-08T12:43:42.459+00:00","status":404,"error":"Not Found","message":"","path":"/eureka/apps/DREAM-GATE/DESKTOP-I4Q3LDK.domain.name:DREAM-GATE:10900"}"
20:43:42.462 [DiscoveryClient-HeartbeatExecutor-0] DEBUG org.apache.http.wire -  << "[\r][\n]"
