20:53:14.341 [DiscoveryClient-HeartbeatExecutor-0] DEBUG org.apache.http.wire -  >> "PUT /eureka/apps/DREAM-GATE/DESKTOP-I4Q3LDK.domain.name:DREAM-GATE:10900?status=UP&lastDirtyTimestamp=1591620494165 HTTP/1.1[\r][\n]"
20:53:14.343 [DiscoveryClient-HeartbeatExecutor-0] DEBUG org.apache.http.wire -  >> "DiscoveryIdentity-Name: DefaultClient[\r][\n]"
20:53:14.343 [DiscoveryClient-HeartbeatExecutor-0] DEBUG org.apache.http.wire -  >> "DiscoveryIdentity-Version: 1.4[\r][\n]"
20:53:14.343 [DiscoveryClient-HeartbeatExecutor-0] DEBUG org.apache.http.wire -  >> "DiscoveryIdentity-Id: 192.168.1.14[\r][\n]"
20:53:14.344 [DiscoveryClient-HeartbeatExecutor-0] DEBUG org.apache.http.wire -  >> "Accept-Encoding: gzip[\r][\n]"
20:53:14.344 [DiscoveryClient-HeartbeatExecutor-0] DEBUG org.apache.http.wire -  >> "Content-Length: 0[\r][\n]"
20:53:14.344 [DiscoveryClient-HeartbeatExecutor-0] DEBUG org.apache.http.wire -  >> "Host: 127.0.0.1:9090[\r][\n]"
20:53:14.344 [DiscoveryClient-HeartbeatExecutor-0] DEBUG org.apache.http.wire -  >> "Connection: Keep-Alive[\r][\n]"
20:53:14.344 [DiscoveryClient-HeartbeatExecutor-0] DEBUG org.apache.http.wire -  >> "User-Agent: Java-EurekaClient/v1.9.21[\r][\n]"
20:53:14.344 [DiscoveryClient-HeartbeatExecutor-0] DEBUG org.apache.http.wire -  >> "[\r][\n]"
20:53:14.344 [DiscoveryClient-HeartbeatExecutor-0] DEBUG org.apache.http.headers - >> PUT /eureka/apps/DREAM-GATE/DESKTOP-I4Q3LDK.domain.name:DREAM-GATE:10900?status=UP&lastDirtyTimestamp=1591620494165 HTTP/1.1
20:53:14.344 [DiscoveryClient-HeartbeatExecutor-0] DEBUG org.apache.http.headers - >> DiscoveryIdentity-Name: DefaultClient
20:53:14.344 [DiscoveryClient-HeartbeatExecutor-0] DEBUG org.apache.http.headers - >> DiscoveryIdentity-Version: 1.4
20:53:14.344 [DiscoveryClient-HeartbeatExecutor-0] DEBUG org.apache.http.headers - >> DiscoveryIdentity-Id: 192.168.1.14
20:53:14.344 [DiscoveryClient-HeartbeatExecutor-0] DEBUG org.apache.http.headers - >> Accept-Encoding: gzip
20:53:14.344 [DiscoveryClient-HeartbeatExecutor-0] DEBUG org.apache.http.headers - >> Content-Length: 0
20:53:14.344 [DiscoveryClient-HeartbeatExecutor-0] DEBUG org.apache.http.headers - >> Host: 127.0.0.1:9090
20:53:14.344 [DiscoveryClient-HeartbeatExecutor-0] DEBUG org.apache.http.headers - >> Connection: Keep-Alive
20:53:14.344 [DiscoveryClient-HeartbeatExecutor-0] DEBUG org.apache.http.headers - >> User-Agent: Java-EurekaClient/v1.9.21
20:53:14.348 [DiscoveryClient-HeartbeatExecutor-0] DEBUG org.apache.http.wire -  << "HTTP/1.1 404 [\r][\n]"
20:53:14.348 [DiscoveryClient-HeartbeatExecutor-0] DEBUG org.apache.http.wire -  << "Vary: Origin[\r][\n]"
20:53:14.348 [DiscoveryClient-HeartbeatExecutor-0] DEBUG org.apache.http.wire -  << "Vary: Access-Control-Request-Method[\r][\n]"
20:53:14.348 [DiscoveryClient-HeartbeatExecutor-0] DEBUG org.apache.http.wire -  << "Vary: Access-Control-Request-Headers[\r][\n]"
20:53:14.348 [DiscoveryClient-HeartbeatExecutor-0] DEBUG org.apache.http.wire -  << "X-Content-Type-Options: nosniff[\r][\n]"
20:53:14.348 [DiscoveryClient-HeartbeatExecutor-0] DEBUG org.apache.http.wire -  << "X-XSS-Protection: 1; mode=block[\r][\n]"
20:53:14.348 [DiscoveryClient-HeartbeatExecutor-0] DEBUG org.apache.http.wire -  << "Cache-Control: no-cache, no-store, max-age=0, must-revalidate[\r][\n]"
20:53:14.348 [DiscoveryClient-HeartbeatExecutor-0] DEBUG org.apache.http.wire -  << "Pragma: no-cache[\r][\n]"
20:53:14.348 [DiscoveryClient-HeartbeatExecutor-0] DEBUG org.apache.http.wire -  << "Expires: 0[\r][\n]"
20:53:14.348 [DiscoveryClient-HeartbeatExecutor-0] DEBUG org.apache.http.wire -  << "X-Frame-Options: DENY[\r][\n]"
20:53:14.348 [DiscoveryClient-HeartbeatExecutor-0] DEBUG org.apache.http.wire -  << "Content-Type: application/json[\r][\n]"
20:53:14.348 [DiscoveryClient-HeartbeatExecutor-0] DEBUG org.apache.http.wire -  << "Transfer-Encoding: chunked[\r][\n]"
20:53:14.348 [DiscoveryClient-HeartbeatExecutor-0] DEBUG org.apache.http.wire -  << "Date: Mon, 08 Jun 2020 12:53:14 GMT[\r][\n]"
