20:42:12.408 [DiscoveryClient-HeartbeatExecutor-0] DEBUG org.apache.http.headers - >> DiscoveryIdentity-Id: 192.168.1.14
20:42:12.410 [DiscoveryClient-HeartbeatExecutor-0] DEBUG org.apache.http.headers - >> Accept-Encoding: gzip
20:42:12.410 [DiscoveryClient-HeartbeatExecutor-0] DEBUG org.apache.http.headers - >> Content-Length: 0
20:42:12.410 [DiscoveryClient-HeartbeatExecutor-0] DEBUG org.apache.http.headers - >> Host: 127.0.0.1:9090
20:42:12.410 [DiscoveryClient-HeartbeatExecutor-0] DEBUG org.apache.http.headers - >> Connection: Keep-Alive
20:42:12.410 [DiscoveryClient-HeartbeatExecutor-0] DEBUG org.apache.http.headers - >> User-Agent: Java-EurekaClient/v1.9.21
20:42:12.414 [DiscoveryClient-HeartbeatExecutor-0] DEBUG org.apache.http.wire -  << "HTTP/1.1 404 [\r][\n]"
20:42:12.414 [DiscoveryClient-HeartbeatExecutor-0] DEBUG org.apache.http.wire -  << "Vary: Origin[\r][\n]"
20:42:12.414 [DiscoveryClient-HeartbeatExecutor-0] DEBUG org.apache.http.wire -  << "Vary: Access-Control-Request-Method[\r][\n]"
20:42:12.414 [DiscoveryClient-HeartbeatExecutor-0] DEBUG org.apache.http.wire -  << "Vary: Access-Control-Request-Headers[\r][\n]"
20:42:12.414 [DiscoveryClient-HeartbeatExecutor-0] DEBUG org.apache.http.wire -  << "X-Content-Type-Options: nosniff[\r][\n]"
20:42:12.414 [DiscoveryClient-HeartbeatExecutor-0] DEBUG org.apache.http.wire -  << "X-XSS-Protection: 1; mode=block[\r][\n]"
20:42:12.414 [DiscoveryClient-HeartbeatExecutor-0] DEBUG org.apache.http.wire -  << "Cache-Control: no-cache, no-store, max-age=0, must-revalidate[\r][\n]"
20:42:12.414 [DiscoveryClient-HeartbeatExecutor-0] DEBUG org.apache.http.wire -  << "Pragma: no-cache[\r][\n]"
20:42:12.414 [DiscoveryClient-HeartbeatExecutor-0] DEBUG org.apache.http.wire -  << "Expires: 0[\r][\n]"
20:42:12.414 [DiscoveryClient-HeartbeatExecutor-0] DEBUG org.apache.http.wire -  << "X-Frame-Options: DENY[\r][\n]"
20:42:12.414 [DiscoveryClient-HeartbeatExecutor-0] DEBUG org.apache.http.wire -  << "Content-Type: application/json[\r][\n]"
20:42:12.414 [DiscoveryClient-HeartbeatExecutor-0] DEBUG org.apache.http.wire -  << "Transfer-Encoding: chunked[\r][\n]"
20:42:12.414 [DiscoveryClient-HeartbeatExecutor-0] DEBUG org.apache.http.wire -  << "Date: Mon, 08 Jun 2020 12:42:12 GMT[\r][\n]"
20:42:12.414 [DiscoveryClient-HeartbeatExecutor-0] DEBUG org.apache.http.wire -  << "Keep-Alive: timeout=60[\r][\n]"
20:42:12.414 [DiscoveryClient-HeartbeatExecutor-0] DEBUG org.apache.http.wire -  << "Connection: keep-alive[\r][\n]"
20:42:12.415 [DiscoveryClient-HeartbeatExecutor-0] DEBUG org.apache.http.wire -  << "[\r][\n]"
20:42:12.415 [DiscoveryClient-HeartbeatExecutor-0] DEBUG o.a.h.i.conn.DefaultClientConnection - Receiving response: HTTP/1.1 404 
20:42:12.415 [DiscoveryClient-HeartbeatExecutor-0] DEBUG org.apache.http.headers - << HTTP/1.1 404 
20:42:12.415 [DiscoveryClient-HeartbeatExecutor-0] DEBUG org.apache.http.headers - << Vary: Origin
20:42:12.415 [DiscoveryClient-HeartbeatExecutor-0] DEBUG org.apache.http.headers - << Vary: Access-Control-Request-Method
20:42:12.415 [DiscoveryClient-HeartbeatExecutor-0] DEBUG org.apache.http.headers - << Vary: Access-Control-Request-Headers
20:42:12.415 [DiscoveryClient-HeartbeatExecutor-0] DEBUG org.apache.http.headers - << X-Content-Type-Options: nosniff
20:42:12.415 [DiscoveryClient-HeartbeatExecutor-0] DEBUG org.apache.http.headers - << X-XSS-Protection: 1; mode=block
20:42:12.415 [DiscoveryClient-HeartbeatExecutor-0] DEBUG org.apache.http.headers - << Cache-Control: no-cache, no-store, max-age=0, must-revalidate
20:42:12.415 [DiscoveryClient-HeartbeatExecutor-0] DEBUG org.apache.http.headers - << Pragma: no-cache
20:42:12.415 [DiscoveryClient-HeartbeatExecutor-0] DEBUG org.apache.http.headers - << Expires: 0
