15:54:46.666 [DiscoveryClient-CacheRefreshExecutor-0] INFO  c.netflix.discovery.DiscoveryClient - Registered Applications size is zero : true
15:54:46.666 [DiscoveryClient-HeartbeatExecutor-0] DEBUG c.n.d.s.t.j.AbstractJerseyEurekaHttpClient - Created client for url: http://localhost:9090/eureka/
15:54:46.668 [DiscoveryClient-CacheRefreshExecutor-0] INFO  c.netflix.discovery.DiscoveryClient - Application version is -1: true
15:54:46.669 [DiscoveryClient-CacheRefreshExecutor-0] INFO  c.netflix.discovery.DiscoveryClient - Getting all instance registry info from the eureka server
15:54:46.669 [DiscoveryClient-CacheRefreshExecutor-0] DEBUG c.n.d.s.t.d.RetryableEurekaHttpClient - Clearing quarantined list of size 1
15:54:46.669 [DiscoveryClient-HeartbeatExecutor-0] DEBUG c.n.d.s.MonitoredConnectionManager - Get connection: {}->http://localhost:9090, timeout = 5000
15:54:46.669 [DiscoveryClient-CacheRefreshExecutor-0] DEBUG c.n.d.s.t.j.AbstractJerseyEurekaHttpClient - Created client for url: http://localhost:9090/eureka/
15:54:46.669 [DiscoveryClient-HeartbeatExecutor-0] DEBUG c.n.d.shared.NamedConnectionPool - [{}->http://localhost:9090] total kept alive: 2, total issued: 0, total allocated: 2 out of 200
15:54:46.669 [DiscoveryClient-HeartbeatExecutor-0] DEBUG c.n.d.shared.NamedConnectionPool - Getting free connection [{}->http://localhost:9090][null]
15:54:46.669 [DiscoveryClient-HeartbeatExecutor-0] DEBUG o.a.h.impl.client.DefaultHttpClient - Stale connection check
15:54:46.669 [DiscoveryClient-CacheRefreshExecutor-0] DEBUG c.n.d.s.MonitoredConnectionManager - Get connection: {}->http://localhost:9090, timeout = 5000
15:54:46.670 [DiscoveryClient-CacheRefreshExecutor-0] DEBUG c.n.d.shared.NamedConnectionPool - [{}->http://localhost:9090] total kept alive: 1, total issued: 1, total allocated: 2 out of 200
15:54:46.670 [DiscoveryClient-CacheRefreshExecutor-0] DEBUG c.n.d.shared.NamedConnectionPool - Getting free connection [{}->http://localhost:9090][null]
15:54:46.670 [DiscoveryClient-CacheRefreshExecutor-0] DEBUG o.a.h.impl.client.DefaultHttpClient - Stale connection check
15:54:46.670 [DiscoveryClient-HeartbeatExecutor-0] DEBUG o.a.h.c.protocol.RequestAddCookies - CookieSpec selected: default
15:54:46.670 [DiscoveryClient-HeartbeatExecutor-0] DEBUG o.a.h.c.protocol.RequestAuthCache - Auth cache not set in the context
15:54:46.670 [DiscoveryClient-HeartbeatExecutor-0] DEBUG o.a.h.c.p.RequestTargetAuthentication - Target auth state: UNCHALLENGED
15:54:46.670 [DiscoveryClient-HeartbeatExecutor-0] DEBUG o.a.h.c.p.RequestProxyAuthentication - Proxy auth state: UNCHALLENGED
15:54:46.670 [DiscoveryClient-HeartbeatExecutor-0] DEBUG o.a.h.impl.client.DefaultHttpClient - Attempt 1 to execute request
15:54:46.670 [DiscoveryClient-HeartbeatExecutor-0] DEBUG o.a.h.i.conn.DefaultClientConnection - Sending request: PUT /eureka/apps/DREAM-GATE/DESKTOP-I4Q3LDK.domain.name:dream-gate:10900?status=UP&lastDirtyTimestamp=1591602226171 HTTP/1.1
15:54:46.670 [DiscoveryClient-HeartbeatExecutor-0] DEBUG org.apache.http.wire -  >> "PUT /eureka/apps/DREAM-GATE/DESKTOP-I4Q3LDK.domain.name:dream-gate:10900?status=UP&lastDirtyTimestamp=1591602226171 HTTP/1.1[\r][\n]"
15:54:46.670 [DiscoveryClient-HeartbeatExecutor-0] DEBUG org.apache.http.wire -  >> "DiscoveryIdentity-Name: DefaultClient[\r][\n]"
15:54:46.670 [DiscoveryClient-HeartbeatExecutor-0] DEBUG org.apache.http.wire -  >> "DiscoveryIdentity-Version: 1.4[\r][\n]"
15:54:46.670 [DiscoveryClient-HeartbeatExecutor-0] DEBUG org.apache.http.wire -  >> "DiscoveryIdentity-Id: 192.168.1.14[\r][\n]"
15:54:46.670 [DiscoveryClient-HeartbeatExecutor-0] DEBUG org.apache.http.wire -  >> "Accept-Encoding: gzip[\r][\n]"
15:54:46.670 [DiscoveryClient-HeartbeatExecutor-0] DEBUG org.apache.http.wire -  >> "Content-Length: 0[\r][\n]"
15:54:46.670 [DiscoveryClient-HeartbeatExecutor-0] DEBUG org.apache.http.wire -  >> "Host: localhost:9090[\r][\n]"
15:54:46.670 [DiscoveryClient-HeartbeatExecutor-0] DEBUG org.apache.http.wire -  >> "Connection: Keep-Alive[\r][\n]"
15:54:46.670 [DiscoveryClient-HeartbeatExecutor-0] DEBUG org.apache.http.wire -  >> "User-Agent: Java-EurekaClient/v1.9.21[\r][\n]"
15:54:46.670 [DiscoveryClient-HeartbeatExecutor-0] DEBUG org.apache.http.wire -  >> "[\r][\n]"
15:54:46.671 [DiscoveryClient-HeartbeatExecutor-0] DEBUG org.apache.http.headers - >> PUT /eureka/apps/DREAM-GATE/DESKTOP-I4Q3LDK.domain.name:dream-gate:10900?status=UP&lastDirtyTimestamp=1591602226171 HTTP/1.1
15:54:46.671 [DiscoveryClient-HeartbeatExecutor-0] DEBUG org.apache.http.headers - >> DiscoveryIdentity-Name: DefaultClient
