15:51:16.515 [DiscoveryClient-CacheRefreshExecutor-0] DEBUG org.apache.http.headers - >> DiscoveryIdentity-Name: DefaultClient
15:51:16.515 [DiscoveryClient-HeartbeatExecutor-0] DEBUG org.apache.http.headers - >> DiscoveryIdentity-Id: 192.168.1.14
15:51:16.519 [DiscoveryClient-CacheRefreshExecutor-0] DEBUG org.apache.http.headers - >> DiscoveryIdentity-Version: 1.4
15:51:16.519 [DiscoveryClient-CacheRefreshExecutor-0] DEBUG org.apache.http.headers - >> DiscoveryIdentity-Id: 192.168.1.14
15:51:16.519 [DiscoveryClient-HeartbeatExecutor-0] DEBUG org.apache.http.headers - >> Accept-Encoding: gzip
15:51:16.520 [DiscoveryClient-CacheRefreshExecutor-0] DEBUG org.apache.http.headers - >> Accept-Encoding: gzip
15:51:16.520 [DiscoveryClient-HeartbeatExecutor-0] DEBUG org.apache.http.headers - >> Content-Length: 0
15:51:16.520 [DiscoveryClient-HeartbeatExecutor-0] DEBUG org.apache.http.headers - >> Host: localhost:9090
15:51:16.520 [DiscoveryClient-CacheRefreshExecutor-0] DEBUG org.apache.http.headers - >> Host: localhost:9090
15:51:16.521 [DiscoveryClient-HeartbeatExecutor-0] DEBUG org.apache.http.headers - >> Connection: Keep-Alive
15:51:16.521 [DiscoveryClient-HeartbeatExecutor-0] DEBUG org.apache.http.headers - >> User-Agent: Java-EurekaClient/v1.9.21
15:51:16.521 [DiscoveryClient-CacheRefreshExecutor-0] DEBUG org.apache.http.headers - >> Connection: Keep-Alive
15:51:16.521 [DiscoveryClient-CacheRefreshExecutor-0] DEBUG org.apache.http.headers - >> User-Agent: Java-EurekaClient/v1.9.21
15:51:16.531 [DiscoveryClient-HeartbeatExecutor-0] DEBUG org.apache.http.wire -  << "HTTP/1.1 404 [\r][\n]"
15:51:16.531 [DiscoveryClient-CacheRefreshExecutor-0] DEBUG org.apache.http.wire -  << "HTTP/1.1 404 [\r][\n]"
15:51:16.531 [DiscoveryClient-HeartbeatExecutor-0] DEBUG org.apache.http.wire -  << "Vary: Origin[\r][\n]"
15:51:16.531 [DiscoveryClient-CacheRefreshExecutor-0] DEBUG org.apache.http.wire -  << "Vary: Origin[\r][\n]"
15:51:16.531 [DiscoveryClient-HeartbeatExecutor-0] DEBUG org.apache.http.wire -  << "Vary: Access-Control-Request-Method[\r][\n]"
15:51:16.532 [DiscoveryClient-CacheRefreshExecutor-0] DEBUG org.apache.http.wire -  << "Vary: Access-Control-Request-Method[\r][\n]"
15:51:16.532 [DiscoveryClient-HeartbeatExecutor-0] DEBUG org.apache.http.wire -  << "Vary: Access-Control-Request-Headers[\r][\n]"
15:51:16.532 [DiscoveryClient-CacheRefreshExecutor-0] DEBUG org.apache.http.wire -  << "Vary: Access-Control-Request-Headers[\r][\n]"
15:51:16.532 [DiscoveryClient-HeartbeatExecutor-0] DEBUG org.apache.http.wire -  << "Content-Type: application/json[\r][\n]"
15:51:16.532 [DiscoveryClient-CacheRefreshExecutor-0] DEBUG org.apache.http.wire -  << "Content-Type: application/json[\r][\n]"
15:51:16.532 [DiscoveryClient-HeartbeatExecutor-0] DEBUG org.apache.http.wire -  << "Transfer-Encoding: chunked[\r][\n]"
15:51:16.532 [DiscoveryClient-CacheRefreshExecutor-0] DEBUG org.apache.http.wire -  << "Transfer-Encoding: chunked[\r][\n]"
15:51:16.532 [DiscoveryClient-HeartbeatExecutor-0] DEBUG org.apache.http.wire -  << "Date: Mon, 08 Jun 2020 07:51:16 GMT[\r][\n]"
15:51:16.532 [DiscoveryClient-CacheRefreshExecutor-0] DEBUG org.apache.http.wire -  << "Date: Mon, 08 Jun 2020 07:51:16 GMT[\r][\n]"
15:51:16.532 [DiscoveryClient-HeartbeatExecutor-0] DEBUG org.apache.http.wire -  << "Keep-Alive: timeout=60[\r][\n]"
15:51:16.532 [DiscoveryClient-CacheRefreshExecutor-0] DEBUG org.apache.http.wire -  << "Keep-Alive: timeout=60[\r][\n]"
15:51:16.532 [DiscoveryClient-HeartbeatExecutor-0] DEBUG org.apache.http.wire -  << "Connection: keep-alive[\r][\n]"
15:51:16.532 [DiscoveryClient-CacheRefreshExecutor-0] DEBUG org.apache.http.wire -  << "Connection: keep-alive[\r][\n]"
15:51:16.532 [DiscoveryClient-HeartbeatExecutor-0] DEBUG org.apache.http.wire -  << "[\r][\n]"
