15:06:01.033 [Apache-HttpClient-Conn-Cleaner2] DEBUG c.n.d.s.MonitoredConnectionManager - Closing connections idle longer than 30 SECONDS
15:06:01.036 [Apache-HttpClient-Conn-Cleaner2] DEBUG c.n.d.shared.NamedConnectionPool - Closing connections idle longer than 30 SECONDS
15:06:01.234 [AsyncResolver-bootstrap-executor-0] INFO  c.n.d.s.r.aws.ConfigClusterResolver - Resolving eureka endpoints via configuration
15:06:01.235 [AsyncResolver-bootstrap-executor-0] DEBUG c.n.discovery.endpoint.EndpointUtils - The availability zone for the given region us-east-1 are [defaultZone]
15:06:01.235 [AsyncResolver-bootstrap-executor-0] DEBUG c.n.d.s.r.aws.ConfigClusterResolver - Config resolved to [AwsEndpoint{ serviceUrl='http://localhost:9090/eureka/', region='us-east-1', zone='defaultZone'}]
15:06:01.236 [AsyncResolver-bootstrap-executor-0] DEBUG c.n.d.s.r.a.ZoneAffinityClusterResolver - Local zone=defaultZone; resolved to: [AwsEndpoint{ serviceUrl='http://localhost:9090/eureka/', region='us-east-1', zone='defaultZone'}]
15:06:01.236 [AsyncResolver-bootstrap-executor-0] DEBUG c.n.d.shared.resolver.AsyncResolver - Resolved to [AwsEndpoint{ serviceUrl='http://localhost:9090/eureka/', region='us-east-1', zone='defaultZone'}]
15:06:01.743 [DiscoveryClient-CacheRefreshExecutor-0] INFO  c.netflix.discovery.DiscoveryClient - Disable delta property : false
15:06:01.743 [DiscoveryClient-CacheRefreshExecutor-0] INFO  c.netflix.discovery.DiscoveryClient - Single vip registry refresh property : null
15:06:01.743 [DiscoveryClient-HeartbeatExecutor-0] DEBUG c.n.d.s.t.d.RetryableEurekaHttpClient - Clearing quarantined list of size 1
15:06:01.743 [DiscoveryClient-CacheRefreshExecutor-0] INFO  c.netflix.discovery.DiscoveryClient - Force full registry fetch : false
15:06:01.743 [DiscoveryClient-CacheRefreshExecutor-0] INFO  c.netflix.discovery.DiscoveryClient - Application is null : false
15:06:01.743 [DiscoveryClient-HeartbeatExecutor-0] DEBUG c.n.d.s.t.j.AbstractJerseyEurekaHttpClient - Created client for url: http://localhost:9090/eureka/
15:06:01.743 [DiscoveryClient-CacheRefreshExecutor-0] INFO  c.netflix.discovery.DiscoveryClient - Registered Applications size is zero : true
15:06:01.743 [DiscoveryClient-CacheRefreshExecutor-0] INFO  c.netflix.discovery.DiscoveryClient - Application version is -1: true
15:06:01.743 [DiscoveryClient-CacheRefreshExecutor-0] INFO  c.netflix.discovery.DiscoveryClient - Getting all instance registry info from the eureka server
15:06:01.743 [DiscoveryClient-CacheRefreshExecutor-0] DEBUG c.n.d.s.t.d.RetryableEurekaHttpClient - Clearing quarantined list of size 1
15:06:01.743 [DiscoveryClient-CacheRefreshExecutor-0] DEBUG c.n.d.s.t.j.AbstractJerseyEurekaHttpClient - Created client for url: http://localhost:9090/eureka/
15:06:01.744 [DiscoveryClient-HeartbeatExecutor-0] DEBUG c.n.d.s.MonitoredConnectionManager - Get connection: {}->http://localhost:9090, timeout = 5000
15:06:01.744 [DiscoveryClient-CacheRefreshExecutor-0] DEBUG c.n.d.s.MonitoredConnectionManager - Get connection: {}->http://localhost:9090, timeout = 5000
15:06:01.744 [DiscoveryClient-HeartbeatExecutor-0] DEBUG c.n.d.shared.NamedConnectionPool - [{}->http://localhost:9090] total kept alive: 2, total issued: 0, total allocated: 2 out of 200
15:06:01.744 [DiscoveryClient-HeartbeatExecutor-0] DEBUG c.n.d.shared.NamedConnectionPool - Getting free connection [{}->http://localhost:9090][null]
15:06:01.744 [DiscoveryClient-HeartbeatExecutor-0] DEBUG o.a.h.impl.client.DefaultHttpClient - Stale connection check
15:06:01.744 [DiscoveryClient-CacheRefreshExecutor-0] DEBUG c.n.d.shared.NamedConnectionPool - [{}->http://localhost:9090] total kept alive: 1, total issued: 1, total allocated: 2 out of 200
15:06:01.744 [DiscoveryClient-CacheRefreshExecutor-0] DEBUG c.n.d.shared.NamedConnectionPool - Getting free connection [{}->http://localhost:9090][null]
15:06:01.744 [DiscoveryClient-CacheRefreshExecutor-0] DEBUG o.a.h.impl.client.DefaultHttpClient - Stale connection check
15:06:01.746 [DiscoveryClient-CacheRefreshExecutor-0] DEBUG o.a.h.c.protocol.RequestAddCookies - CookieSpec selected: default
15:06:01.746 [DiscoveryClient-HeartbeatExecutor-0] DEBUG o.a.h.c.protocol.RequestAddCookies - CookieSpec selected: default
15:06:01.746 [DiscoveryClient-CacheRefreshExecutor-0] DEBUG o.a.h.c.protocol.RequestAuthCache - Auth cache not set in the context
15:06:01.746 [DiscoveryClient-HeartbeatExecutor-0] DEBUG o.a.h.c.protocol.RequestAuthCache - Auth cache not set in the context
15:06:01.746 [DiscoveryClient-CacheRefreshExecutor-0] DEBUG o.a.h.c.p.RequestTargetAuthentication - Target auth state: UNCHALLENGED
15:06:01.746 [DiscoveryClient-HeartbeatExecutor-0] DEBUG o.a.h.c.p.RequestTargetAuthentication - Target auth state: UNCHALLENGED
15:06:01.746 [DiscoveryClient-CacheRefreshExecutor-0] DEBUG o.a.h.c.p.RequestProxyAuthentication - Proxy auth state: UNCHALLENGED
15:06:01.746 [DiscoveryClient-HeartbeatExecutor-0] DEBUG o.a.h.c.p.RequestProxyAuthentication - Proxy auth state: UNCHALLENGED
15:06:01.746 [DiscoveryClient-CacheRefreshExecutor-0] DEBUG o.a.h.impl.client.DefaultHttpClient - Attempt 1 to execute request
15:06:01.746 [DiscoveryClient-HeartbeatExecutor-0] DEBUG o.a.h.impl.client.DefaultHttpClient - Attempt 1 to execute request
15:06:01.746 [DiscoveryClient-CacheRefreshExecutor-0] DEBUG o.a.h.i.conn.DefaultClientConnection - Sending request: GET /eureka/apps/ HTTP/1.1
15:06:01.746 [DiscoveryClient-HeartbeatExecutor-0] DEBUG o.a.h.i.conn.DefaultClientConnection - Sending request: PUT /eureka/apps/UNKNOWN/DESKTOP-I4Q3LDK.domain.name:10900?status=UP&lastDirtyTimestamp=1591599661462 HTTP/1.1
15:06:01.746 [DiscoveryClient-CacheRefreshExecutor-0] DEBUG org.apache.http.wire -  >> "GET /eureka/apps/ HTTP/1.1[\r][\n]"
15:06:01.746 [DiscoveryClient-HeartbeatExecutor-0] DEBUG org.apache.http.wire -  >> "PUT /eureka/apps/UNKNOWN/DESKTOP-I4Q3LDK.domain.name:10900?status=UP&lastDirtyTimestamp=1591599661462 HTTP/1.1[\r][\n]"
15:06:01.746 [DiscoveryClient-CacheRefreshExecutor-0] DEBUG org.apache.http.wire -  >> "Accept: application/json[\r][\n]"
15:06:01.746 [DiscoveryClient-HeartbeatExecutor-0] DEBUG org.apache.http.wire -  >> "DiscoveryIdentity-Name: DefaultClient[\r][\n]"
15:06:01.746 [DiscoveryClient-CacheRefreshExecutor-0] DEBUG org.apache.http.wire -  >> "DiscoveryIdentity-Name: DefaultClient[\r][\n]"
15:06:01.746 [DiscoveryClient-HeartbeatExecutor-0] DEBUG org.apache.http.wire -  >> "DiscoveryIdentity-Version: 1.4[\r][\n]"
15:06:01.746 [DiscoveryClient-CacheRefreshExecutor-0] DEBUG org.apache.http.wire -  >> "DiscoveryIdentity-Version: 1.4[\r][\n]"
15:06:01.747 [DiscoveryClient-HeartbeatExecutor-0] DEBUG org.apache.http.wire -  >> "DiscoveryIdentity-Id: 192.168.1.14[\r][\n]"
15:06:01.747 [DiscoveryClient-HeartbeatExecutor-0] DEBUG org.apache.http.wire -  >> "Accept-Encoding: gzip[\r][\n]"
15:06:01.747 [DiscoveryClient-CacheRefreshExecutor-0] DEBUG org.apache.http.wire -  >> "DiscoveryIdentity-Id: 192.168.1.14[\r][\n]"
15:06:01.747 [DiscoveryClient-HeartbeatExecutor-0] DEBUG org.apache.http.wire -  >> "Content-Length: 0[\r][\n]"
15:06:01.747 [DiscoveryClient-CacheRefreshExecutor-0] DEBUG org.apache.http.wire -  >> "Accept-Encoding: gzip[\r][\n]"
15:06:01.747 [DiscoveryClient-HeartbeatExecutor-0] DEBUG org.apache.http.wire -  >> "Host: localhost:9090[\r][\n]"
