21:13:15.117 [DiscoveryClient-HeartbeatExecutor-0] DEBUG org.apache.http.wire -  << "X-Frame-Options: DENY[\r][\n]"
21:13:15.118 [DiscoveryClient-HeartbeatExecutor-0] DEBUG org.apache.http.wire -  << "Content-Type: application/json[\r][\n]"
21:13:15.118 [DiscoveryClient-HeartbeatExecutor-0] DEBUG org.apache.http.wire -  << "Transfer-Encoding: chunked[\r][\n]"
21:13:15.118 [DiscoveryClient-HeartbeatExecutor-0] DEBUG org.apache.http.wire -  << "Date: Mon, 08 Jun 2020 13:13:15 GMT[\r][\n]"
21:13:15.118 [DiscoveryClient-HeartbeatExecutor-0] DEBUG org.apache.http.wire -  << "Keep-Alive: timeout=60[\r][\n]"
21:13:15.118 [DiscoveryClient-HeartbeatExecutor-0] DEBUG org.apache.http.wire -  << "Connection: keep-alive[\r][\n]"
21:13:15.119 [DiscoveryClient-HeartbeatExecutor-0] DEBUG org.apache.http.wire -  << "[\r][\n]"
21:13:15.119 [DiscoveryClient-HeartbeatExecutor-0] DEBUG o.a.h.i.conn.DefaultClientConnection - Receiving response: HTTP/1.1 404 
21:13:15.119 [DiscoveryClient-HeartbeatExecutor-0] DEBUG org.apache.http.headers - << HTTP/1.1 404 
21:13:15.119 [DiscoveryClient-HeartbeatExecutor-0] DEBUG org.apache.http.headers - << Vary: Origin
21:13:15.119 [DiscoveryClient-HeartbeatExecutor-0] DEBUG org.apache.http.headers - << Vary: Access-Control-Request-Method
21:13:15.119 [DiscoveryClient-HeartbeatExecutor-0] DEBUG org.apache.http.headers - << Vary: Access-Control-Request-Headers
21:13:15.119 [DiscoveryClient-HeartbeatExecutor-0] DEBUG org.apache.http.headers - << X-Content-Type-Options: nosniff
21:13:15.119 [DiscoveryClient-HeartbeatExecutor-0] DEBUG org.apache.http.headers - << X-XSS-Protection: 1; mode=block
21:13:15.119 [DiscoveryClient-HeartbeatExecutor-0] DEBUG org.apache.http.headers - << Cache-Control: no-cache, no-store, max-age=0, must-revalidate
21:13:15.119 [DiscoveryClient-HeartbeatExecutor-0] DEBUG org.apache.http.headers - << Pragma: no-cache
21:13:15.119 [DiscoveryClient-HeartbeatExecutor-0] DEBUG org.apache.http.headers - << Expires: 0
21:13:15.119 [DiscoveryClient-HeartbeatExecutor-0] DEBUG org.apache.http.headers - << X-Frame-Options: DENY
21:13:15.119 [DiscoveryClient-HeartbeatExecutor-0] DEBUG org.apache.http.headers - << Content-Type: application/json
21:13:15.119 [DiscoveryClient-HeartbeatExecutor-0] DEBUG org.apache.http.headers - << Transfer-Encoding: chunked
21:13:15.119 [DiscoveryClient-HeartbeatExecutor-0] DEBUG org.apache.http.headers - << Date: Mon, 08 Jun 2020 13:13:15 GMT
21:13:15.119 [DiscoveryClient-HeartbeatExecutor-0] DEBUG org.apache.http.headers - << Keep-Alive: timeout=60
21:13:15.119 [DiscoveryClient-HeartbeatExecutor-0] DEBUG org.apache.http.headers - << Connection: keep-alive
21:13:15.119 [DiscoveryClient-HeartbeatExecutor-0] DEBUG o.a.h.impl.client.DefaultHttpClient - Connection can be kept alive for 60000 MILLISECONDS
21:13:15.119 [DiscoveryClient-HeartbeatExecutor-0] DEBUG org.apache.http.wire -  << "a9[\r][\n]"
21:13:15.119 [DiscoveryClient-HeartbeatExecutor-0] DEBUG org.apache.http.wire -  << "{"timestamp":"2020-06-08T13:13:15.115+00:00","status":404,"error":"Not Found","message":"","path":"/eureka/apps/DREAM-GATE/DESKTOP-I4Q3LDK.domain.name:DREAM-GATE:10900"}"
21:13:15.119 [DiscoveryClient-HeartbeatExecutor-0] DEBUG org.apache.http.wire -  << "[\r][\n]"
21:13:15.119 [DiscoveryClient-HeartbeatExecutor-0] DEBUG org.apache.http.wire -  << "0[\r][\n]"
21:13:15.119 [DiscoveryClient-HeartbeatExecutor-0] DEBUG org.apache.http.wire -  << "[\r][\n]"
21:13:15.119 [DiscoveryClient-HeartbeatExecutor-0] DEBUG c.n.d.s.MonitoredConnectionManager - Released connection is reusable.
21:13:15.119 [DiscoveryClient-HeartbeatExecutor-0] DEBUG c.n.d.shared.NamedConnectionPool - Releasing connection [{}->http://127.0.0.1:9090][null]
21:13:15.119 [DiscoveryClient-HeartbeatExecutor-0] DEBUG c.n.d.shared.NamedConnectionPool - Pooling connection [{}->http://127.0.0.1:9090][null]; keep alive for 60000 MILLISECONDS
