20:47:37.866 [DiscoveryClient-InstanceInfoReplicator-0] DEBUG c.n.d.shared.NamedConnectionPool - Creating new connection [{}->http://127.0.0.1:9090]
20:47:37.877 [DiscoveryClient-InstanceInfoReplicator-0] DEBUG o.a.h.i.c.DefaultClientConnectionOperator - Connecting to 127.0.0.1:9090
20:47:37.894 [DiscoveryClient-InstanceInfoReplicator-0] DEBUG o.a.h.c.protocol.RequestAddCookies - CookieSpec selected: default
20:47:37.895 [DiscoveryClient-InstanceInfoReplicator-0] DEBUG o.a.h.c.protocol.RequestAuthCache - Auth cache not set in the context
20:47:37.895 [DiscoveryClient-InstanceInfoReplicator-0] DEBUG o.a.h.c.p.RequestTargetAuthentication - Target auth state: UNCHALLENGED
20:47:37.896 [DiscoveryClient-InstanceInfoReplicator-0] DEBUG o.a.h.c.p.RequestProxyAuthentication - Proxy auth state: UNCHALLENGED
20:47:37.896 [DiscoveryClient-InstanceInfoReplicator-0] DEBUG o.a.h.impl.client.DefaultHttpClient - Attempt 1 to execute request
20:47:37.896 [DiscoveryClient-InstanceInfoReplicator-0] DEBUG o.a.h.i.conn.DefaultClientConnection - Sending request: POST /eureka/apps/DREAM-GATE HTTP/1.1
20:47:37.896 [DiscoveryClient-InstanceInfoReplicator-0] DEBUG org.apache.http.wire -  >> "POST /eureka/apps/DREAM-GATE HTTP/1.1[\r][\n]"
20:47:37.897 [DiscoveryClient-InstanceInfoReplicator-0] DEBUG org.apache.http.wire -  >> "Accept-Encoding: gzip[\r][\n]"
20:47:37.897 [DiscoveryClient-InstanceInfoReplicator-0] DEBUG org.apache.http.wire -  >> "Content-Type: application/json[\r][\n]"
20:47:37.897 [DiscoveryClient-InstanceInfoReplicator-0] DEBUG org.apache.http.wire -  >> "Accept: application/json[\r][\n]"
20:47:37.897 [DiscoveryClient-InstanceInfoReplicator-0] DEBUG org.apache.http.wire -  >> "DiscoveryIdentity-Name: DefaultClient[\r][\n]"
20:47:37.897 [DiscoveryClient-InstanceInfoReplicator-0] DEBUG org.apache.http.wire -  >> "DiscoveryIdentity-Version: 1.4[\r][\n]"
20:47:37.897 [DiscoveryClient-InstanceInfoReplicator-0] DEBUG org.apache.http.wire -  >> "DiscoveryIdentity-Id: 192.168.1.14[\r][\n]"
20:47:37.897 [DiscoveryClient-InstanceInfoReplicator-0] DEBUG org.apache.http.wire -  >> "Transfer-Encoding: chunked[\r][\n]"
20:47:37.898 [DiscoveryClient-InstanceInfoReplicator-0] DEBUG org.apache.http.wire -  >> "Host: 127.0.0.1:9090[\r][\n]"
20:47:37.898 [DiscoveryClient-InstanceInfoReplicator-0] DEBUG org.apache.http.wire -  >> "Connection: Keep-Alive[\r][\n]"
20:47:37.898 [DiscoveryClient-InstanceInfoReplicator-0] DEBUG org.apache.http.wire -  >> "User-Agent: Java-EurekaClient/v1.9.21[\r][\n]"
20:47:37.898 [DiscoveryClient-InstanceInfoReplicator-0] DEBUG org.apache.http.wire -  >> "[\r][\n]"
20:47:37.898 [DiscoveryClient-InstanceInfoReplicator-0] DEBUG org.apache.http.headers - >> POST /eureka/apps/DREAM-GATE HTTP/1.1
20:47:37.898 [DiscoveryClient-InstanceInfoReplicator-0] DEBUG org.apache.http.headers - >> Accept-Encoding: gzip
20:47:37.898 [DiscoveryClient-InstanceInfoReplicator-0] DEBUG org.apache.http.headers - >> Content-Type: application/json
20:47:37.898 [DiscoveryClient-InstanceInfoReplicator-0] DEBUG org.apache.http.headers - >> Accept: application/json
20:47:37.898 [DiscoveryClient-InstanceInfoReplicator-0] DEBUG org.apache.http.headers - >> DiscoveryIdentity-Name: DefaultClient
20:47:37.898 [DiscoveryClient-InstanceInfoReplicator-0] DEBUG org.apache.http.headers - >> DiscoveryIdentity-Version: 1.4
20:47:37.898 [DiscoveryClient-InstanceInfoReplicator-0] DEBUG org.apache.http.headers - >> DiscoveryIdentity-Id: 192.168.1.14
20:47:37.898 [DiscoveryClient-InstanceInfoReplicator-0] DEBUG org.apache.http.headers - >> Transfer-Encoding: chunked
20:47:37.898 [DiscoveryClient-InstanceInfoReplicator-0] DEBUG org.apache.http.headers - >> Host: 127.0.0.1:9090
20:47:37.898 [DiscoveryClient-InstanceInfoReplicator-0] DEBUG org.apache.http.headers - >> Connection: Keep-Alive
20:47:37.898 [DiscoveryClient-InstanceInfoReplicator-0] DEBUG org.apache.http.headers - >> User-Agent: Java-EurekaClient/v1.9.21
20:47:37.908 [DiscoveryClient-InstanceInfoReplicator-0] DEBUG org.apache.http.wire -  >> "179[\r][\n]"
