19:56:24.438 [DiscoveryClient-InstanceInfoReplicator-0] DEBUG org.apache.http.wire -  >> "{"instance":{"instanceId":"DESKTOP-I4Q3LDK.domain.name:DREAM-GATE:10900","hostName":"192.168.1.14","app":"DREAM-GATE","ipAddr":"192.168.1.14","status":"UP","overriddenStatus":"UNKNOWN","port":{"$":10900,"@enabled":"true"},"securePort":{"$":443,"@enabled":"false"},"countryId":1,"dataCenterInfo":{"@class":"com.netflix.appinfo.InstanceInfo$DefaultDataCenterInfo","name":"MyOwn"}"
19:56:24.440 [DiscoveryClient-InstanceInfoReplicator-0] DEBUG org.apache.http.wire -  >> "[\r][\n]"
19:56:24.488 [DiscoveryClient-InstanceInfoReplicator-0] DEBUG org.apache.http.wire -  >> "9d[\r][\n]"
19:56:24.488 [DiscoveryClient-InstanceInfoReplicator-0] DEBUG org.apache.http.wire -  >> ","leaseInfo":{"renewalIntervalInSecs":30,"durationInSecs":90,"registrationTimestamp":0,"lastRenewalTimestamp":0,"evictionTimestamp":0,"serviceUpTimestamp":0}"
19:56:24.488 [DiscoveryClient-InstanceInfoReplicator-0] DEBUG org.apache.http.wire -  >> "[\r][\n]"
19:56:24.499 [DiscoveryClient-InstanceInfoReplicator-0] DEBUG org.apache.http.wire -  >> "27[\r][\n]"
19:56:24.499 [DiscoveryClient-InstanceInfoReplicator-0] DEBUG org.apache.http.wire -  >> ","metadata":{"management.port":"10900"}"
19:56:24.499 [DiscoveryClient-InstanceInfoReplicator-0] DEBUG org.apache.http.wire -  >> "[\r][\n]"
19:56:24.501 [DiscoveryClient-InstanceInfoReplicator-0] DEBUG org.apache.http.wire -  >> "15c[\r][\n]"
19:56:24.502 [DiscoveryClient-InstanceInfoReplicator-0] DEBUG org.apache.http.wire -  >> ","homePageUrl":"http://192.168.1.14:10900/","statusPageUrl":"http://192.168.1.14:10900/gate/actuator/info","healthCheckUrl":"http://192.168.1.14:10900/gate/actuator/health","vipAddress":"DREAM-GATE","secureVipAddress":"DREAM-GATE","isCoordinatingDiscoveryServer":"false","lastUpdatedTimestamp":"1591617382176","lastDirtyTimestamp":"1591617384259"}}"
19:56:24.502 [DiscoveryClient-InstanceInfoReplicator-0] DEBUG org.apache.http.wire -  >> "[\r][\n]"
19:56:24.502 [DiscoveryClient-InstanceInfoReplicator-0] DEBUG org.apache.http.wire -  >> "0[\r][\n]"
19:56:24.502 [DiscoveryClient-InstanceInfoReplicator-0] DEBUG org.apache.http.wire -  >> "[\r][\n]"
19:56:24.502 [DiscoveryClient-InstanceInfoReplicator-0] DEBUG org.apache.http.wire -  << "HTTP/1.1 404 [\r][\n]"
19:56:24.505 [DiscoveryClient-InstanceInfoReplicator-0] DEBUG org.apache.http.wire -  << "Vary: Origin[\r][\n]"
19:56:24.505 [DiscoveryClient-InstanceInfoReplicator-0] DEBUG org.apache.http.wire -  << "Vary: Access-Control-Request-Method[\r][\n]"
19:56:24.505 [DiscoveryClient-InstanceInfoReplicator-0] DEBUG org.apache.http.wire -  << "Vary: Access-Control-Request-Headers[\r][\n]"
19:56:24.505 [DiscoveryClient-InstanceInfoReplicator-0] DEBUG org.apache.http.wire -  << "Content-Type: application/json[\r][\n]"
19:56:24.505 [DiscoveryClient-InstanceInfoReplicator-0] DEBUG org.apache.http.wire -  << "Transfer-Encoding: chunked[\r][\n]"
19:56:24.505 [DiscoveryClient-InstanceInfoReplicator-0] DEBUG org.apache.http.wire -  << "Date: Mon, 08 Jun 2020 11:56:24 GMT[\r][\n]"
19:56:24.505 [DiscoveryClient-InstanceInfoReplicator-0] DEBUG org.apache.http.wire -  << "Keep-Alive: timeout=60[\r][\n]"
19:56:24.505 [DiscoveryClient-InstanceInfoReplicator-0] DEBUG org.apache.http.wire -  << "Connection: keep-alive[\r][\n]"
19:56:24.505 [DiscoveryClient-InstanceInfoReplicator-0] DEBUG org.apache.http.wire -  << "[\r][\n]"
19:56:24.505 [DiscoveryClient-InstanceInfoReplicator-0] DEBUG o.a.h.i.conn.DefaultClientConnection - Receiving response: HTTP/1.1 404 
19:56:24.505 [DiscoveryClient-InstanceInfoReplicator-0] DEBUG org.apache.http.headers - << HTTP/1.1 404 
19:56:24.505 [DiscoveryClient-InstanceInfoReplicator-0] DEBUG org.apache.http.headers - << Vary: Origin
19:56:24.505 [DiscoveryClient-InstanceInfoReplicator-0] DEBUG org.apache.http.headers - << Vary: Access-Control-Request-Method
19:56:24.505 [DiscoveryClient-InstanceInfoReplicator-0] DEBUG org.apache.http.headers - << Vary: Access-Control-Request-Headers
19:56:24.505 [DiscoveryClient-InstanceInfoReplicator-0] DEBUG org.apache.http.headers - << Content-Type: application/json
19:56:24.505 [DiscoveryClient-InstanceInfoReplicator-0] DEBUG org.apache.http.headers - << Transfer-Encoding: chunked
19:56:24.505 [DiscoveryClient-InstanceInfoReplicator-0] DEBUG org.apache.http.headers - << Date: Mon, 08 Jun 2020 11:56:24 GMT
19:56:24.505 [DiscoveryClient-InstanceInfoReplicator-0] DEBUG org.apache.http.headers - << Keep-Alive: timeout=60
