15:05:01.677 [DiscoveryClient-CacheRefreshExecutor-0] DEBUG o.a.h.impl.client.DefaultHttpClient - Stale connection check
15:05:01.677 [DiscoveryClient-HeartbeatExecutor-0] DEBUG c.n.d.shared.NamedConnectionPool - [{}->http://localhost:9090] total kept alive: 1, total issued: 1, total allocated: 2 out of 200
15:05:01.682 [DiscoveryClient-HeartbeatExecutor-0] DEBUG c.n.d.shared.NamedConnectionPool - Getting free connection [{}->http://localhost:9090][null]
15:05:01.682 [DiscoveryClient-HeartbeatExecutor-0] DEBUG o.a.h.impl.client.DefaultHttpClient - Stale connection check
15:05:01.682 [DiscoveryClient-CacheRefreshExecutor-0] DEBUG o.a.h.c.protocol.RequestAddCookies - CookieSpec selected: default
15:05:01.682 [DiscoveryClient-CacheRefreshExecutor-0] DEBUG o.a.h.c.protocol.RequestAuthCache - Auth cache not set in the context
15:05:01.683 [DiscoveryClient-CacheRefreshExecutor-0] DEBUG o.a.h.c.p.RequestTargetAuthentication - Target auth state: UNCHALLENGED
15:05:01.683 [DiscoveryClient-CacheRefreshExecutor-0] DEBUG o.a.h.c.p.RequestProxyAuthentication - Proxy auth state: UNCHALLENGED
15:05:01.683 [DiscoveryClient-CacheRefreshExecutor-0] DEBUG o.a.h.impl.client.DefaultHttpClient - Attempt 1 to execute request
15:05:01.683 [DiscoveryClient-CacheRefreshExecutor-0] DEBUG o.a.h.i.conn.DefaultClientConnection - Sending request: GET /eureka/apps/ HTTP/1.1
15:05:01.683 [DiscoveryClient-CacheRefreshExecutor-0] DEBUG org.apache.http.wire -  >> "GET /eureka/apps/ HTTP/1.1[\r][\n]"
15:05:01.683 [DiscoveryClient-CacheRefreshExecutor-0] DEBUG org.apache.http.wire -  >> "Accept: application/json[\r][\n]"
15:05:01.683 [DiscoveryClient-CacheRefreshExecutor-0] DEBUG org.apache.http.wire -  >> "DiscoveryIdentity-Name: DefaultClient[\r][\n]"
15:05:01.683 [DiscoveryClient-CacheRefreshExecutor-0] DEBUG org.apache.http.wire -  >> "DiscoveryIdentity-Version: 1.4[\r][\n]"
15:05:01.683 [DiscoveryClient-CacheRefreshExecutor-0] DEBUG org.apache.http.wire -  >> "DiscoveryIdentity-Id: 192.168.1.14[\r][\n]"
15:05:01.683 [DiscoveryClient-CacheRefreshExecutor-0] DEBUG org.apache.http.wire -  >> "Accept-Encoding: gzip[\r][\n]"
15:05:01.683 [DiscoveryClient-CacheRefreshExecutor-0] DEBUG org.apache.http.wire -  >> "Host: localhost:9090[\r][\n]"
15:05:01.683 [DiscoveryClient-CacheRefreshExecutor-0] DEBUG org.apache.http.wire -  >> "Connection: Keep-Alive[\r][\n]"
15:05:01.683 [DiscoveryClient-CacheRefreshExecutor-0] DEBUG org.apache.http.wire -  >> "User-Agent: Java-EurekaClient/v1.9.21[\r][\n]"
15:05:01.683 [DiscoveryClient-CacheRefreshExecutor-0] DEBUG org.apache.http.wire -  >> "[\r][\n]"
15:05:01.684 [DiscoveryClient-CacheRefreshExecutor-0] DEBUG org.apache.http.headers - >> GET /eureka/apps/ HTTP/1.1
15:05:01.684 [DiscoveryClient-CacheRefreshExecutor-0] DEBUG org.apache.http.headers - >> Accept: application/json
15:05:01.684 [DiscoveryClient-CacheRefreshExecutor-0] DEBUG org.apache.http.headers - >> DiscoveryIdentity-Name: DefaultClient
15:05:01.684 [DiscoveryClient-CacheRefreshExecutor-0] DEBUG org.apache.http.headers - >> DiscoveryIdentity-Version: 1.4
15:05:01.684 [DiscoveryClient-CacheRefreshExecutor-0] DEBUG org.apache.http.headers - >> DiscoveryIdentity-Id: 192.168.1.14
15:05:01.684 [DiscoveryClient-CacheRefreshExecutor-0] DEBUG org.apache.http.headers - >> Accept-Encoding: gzip
15:05:01.684 [DiscoveryClient-CacheRefreshExecutor-0] DEBUG org.apache.http.headers - >> Host: localhost:9090
15:05:01.684 [DiscoveryClient-CacheRefreshExecutor-0] DEBUG org.apache.http.headers - >> Connection: Keep-Alive
15:05:01.684 [DiscoveryClient-CacheRefreshExecutor-0] DEBUG org.apache.http.headers - >> User-Agent: Java-EurekaClient/v1.9.21
15:05:01.684 [DiscoveryClient-HeartbeatExecutor-0] DEBUG o.a.h.c.protocol.RequestAddCookies - CookieSpec selected: default
15:05:01.685 [DiscoveryClient-HeartbeatExecutor-0] DEBUG o.a.h.c.protocol.RequestAuthCache - Auth cache not set in the context
15:05:01.685 [DiscoveryClient-HeartbeatExecutor-0] DEBUG o.a.h.c.p.RequestTargetAuthentication - Target auth state: UNCHALLENGED
