14:44:29.205 [DiscoveryClient-HeartbeatExecutor-0] DEBUG org.apache.http.wire -  >> "Accept-Encoding: gzip[\r][\n]"
14:44:29.205 [DiscoveryClient-CacheRefreshExecutor-0] DEBUG org.apache.http.wire -  >> "DiscoveryIdentity-Version: 1.4[\r][\n]"
14:44:29.206 [DiscoveryClient-CacheRefreshExecutor-0] DEBUG org.apache.http.wire -  >> "DiscoveryIdentity-Id: 192.168.1.14[\r][\n]"
14:44:29.206 [DiscoveryClient-HeartbeatExecutor-0] DEBUG org.apache.http.wire -  >> "Content-Length: 0[\r][\n]"
14:44:29.206 [DiscoveryClient-HeartbeatExecutor-0] DEBUG org.apache.http.wire -  >> "Host: localhost:9090[\r][\n]"
14:44:29.206 [DiscoveryClient-CacheRefreshExecutor-0] DEBUG org.apache.http.wire -  >> "Accept-Encoding: gzip[\r][\n]"
14:44:29.206 [DiscoveryClient-CacheRefreshExecutor-0] DEBUG org.apache.http.wire -  >> "Host: localhost:9090[\r][\n]"
14:44:29.206 [DiscoveryClient-HeartbeatExecutor-0] DEBUG org.apache.http.wire -  >> "Connection: Keep-Alive[\r][\n]"
14:44:29.206 [DiscoveryClient-CacheRefreshExecutor-0] DEBUG org.apache.http.wire -  >> "Connection: Keep-Alive[\r][\n]"
14:44:29.206 [DiscoveryClient-HeartbeatExecutor-0] DEBUG org.apache.http.wire -  >> "User-Agent: Java-EurekaClient/v1.9.21[\r][\n]"
14:44:29.206 [DiscoveryClient-CacheRefreshExecutor-0] DEBUG org.apache.http.wire -  >> "User-Agent: Java-EurekaClient/v1.9.21[\r][\n]"
14:44:29.206 [DiscoveryClient-HeartbeatExecutor-0] DEBUG org.apache.http.wire -  >> "[\r][\n]"
14:44:29.206 [DiscoveryClient-CacheRefreshExecutor-0] DEBUG org.apache.http.wire -  >> "[\r][\n]"
14:44:29.206 [DiscoveryClient-HeartbeatExecutor-0] DEBUG org.apache.http.headers - >> PUT /eureka/apps/UNKNOWN/DESKTOP-I4Q3LDK.domain.name:10900?status=UP&lastDirtyTimestamp=1591590530710 HTTP/1.1
14:44:29.207 [DiscoveryClient-CacheRefreshExecutor-0] DEBUG org.apache.http.headers - >> GET /eureka/apps/ HTTP/1.1
14:44:29.207 [DiscoveryClient-HeartbeatExecutor-0] DEBUG org.apache.http.headers - >> DiscoveryIdentity-Name: DefaultClient
14:44:29.207 [DiscoveryClient-CacheRefreshExecutor-0] DEBUG org.apache.http.headers - >> Accept: application/json
14:44:29.207 [DiscoveryClient-HeartbeatExecutor-0] DEBUG org.apache.http.headers - >> DiscoveryIdentity-Version: 1.4
14:44:29.207 [DiscoveryClient-HeartbeatExecutor-0] DEBUG org.apache.http.headers - >> DiscoveryIdentity-Id: 192.168.1.14
14:44:29.207 [DiscoveryClient-HeartbeatExecutor-0] DEBUG org.apache.http.headers - >> Accept-Encoding: gzip
14:44:29.207 [DiscoveryClient-HeartbeatExecutor-0] DEBUG org.apache.http.headers - >> Content-Length: 0
14:44:29.207 [DiscoveryClient-CacheRefreshExecutor-0] DEBUG org.apache.http.headers - >> DiscoveryIdentity-Name: DefaultClient
14:44:29.207 [DiscoveryClient-HeartbeatExecutor-0] DEBUG org.apache.http.headers - >> Host: localhost:9090
14:44:29.207 [DiscoveryClient-CacheRefreshExecutor-0] DEBUG org.apache.http.headers - >> DiscoveryIdentity-Version: 1.4
14:44:29.207 [DiscoveryClient-HeartbeatExecutor-0] DEBUG org.apache.http.headers - >> Connection: Keep-Alive
14:44:29.207 [DiscoveryClient-CacheRefreshExecutor-0] DEBUG org.apache.http.headers - >> DiscoveryIdentity-Id: 192.168.1.14
14:44:29.207 [DiscoveryClient-HeartbeatExecutor-0] DEBUG org.apache.http.headers - >> User-Agent: Java-EurekaClient/v1.9.21
14:44:29.207 [DiscoveryClient-CacheRefreshExecutor-0] DEBUG org.apache.http.headers - >> Accept-Encoding: gzip
14:44:29.207 [DiscoveryClient-CacheRefreshExecutor-0] DEBUG org.apache.http.headers - >> Host: localhost:9090
14:44:29.207 [DiscoveryClient-CacheRefreshExecutor-0] DEBUG org.apache.http.headers - >> Connection: Keep-Alive
14:44:29.207 [DiscoveryClient-CacheRefreshExecutor-0] DEBUG org.apache.http.headers - >> User-Agent: Java-EurekaClient/v1.9.21
14:44:29.210 [DiscoveryClient-HeartbeatExecutor-0] DEBUG org.apache.http.wire -  << "HTTP/1.1 404 [\r][\n]"
