15:43:46.122 [main] DEBUG c.n.d.shared.NamedConnectionPool - Available capacity: 50 out of 50 [{}->http://localhost:9090][null]
15:43:46.123 [main] DEBUG c.n.d.shared.NamedConnectionPool - Creating new connection [{}->http://localhost:9090]
15:43:46.130 [main] DEBUG o.a.h.i.c.DefaultClientConnectionOperator - Connecting to localhost:9090
15:43:46.144 [main] DEBUG o.a.h.c.protocol.RequestAddCookies - CookieSpec selected: default
15:43:46.144 [main] DEBUG o.a.h.c.protocol.RequestAuthCache - Auth cache not set in the context
15:43:46.145 [main] DEBUG o.a.h.c.p.RequestTargetAuthentication - Target auth state: UNCHALLENGED
15:43:46.145 [main] DEBUG o.a.h.c.p.RequestProxyAuthentication - Proxy auth state: UNCHALLENGED
15:43:46.145 [main] DEBUG o.a.h.impl.client.DefaultHttpClient - Attempt 1 to execute request
15:43:46.145 [main] DEBUG o.a.h.i.conn.DefaultClientConnection - Sending request: GET /eureka/apps/ HTTP/1.1
15:43:46.145 [main] DEBUG org.apache.http.wire -  >> "GET /eureka/apps/ HTTP/1.1[\r][\n]"
15:43:46.146 [main] DEBUG org.apache.http.wire -  >> "Accept: application/json[\r][\n]"
15:43:46.146 [main] DEBUG org.apache.http.wire -  >> "DiscoveryIdentity-Name: DefaultClient[\r][\n]"
15:43:46.146 [main] DEBUG org.apache.http.wire -  >> "DiscoveryIdentity-Version: 1.4[\r][\n]"
15:43:46.146 [main] DEBUG org.apache.http.wire -  >> "DiscoveryIdentity-Id: 192.168.1.14[\r][\n]"
15:43:46.146 [main] DEBUG org.apache.http.wire -  >> "Accept-Encoding: gzip[\r][\n]"
15:43:46.146 [main] DEBUG org.apache.http.wire -  >> "Host: localhost:9090[\r][\n]"
15:43:46.146 [main] DEBUG org.apache.http.wire -  >> "Connection: Keep-Alive[\r][\n]"
15:43:46.146 [main] DEBUG org.apache.http.wire -  >> "User-Agent: Java-EurekaClient/v1.9.21[\r][\n]"
15:43:46.146 [main] DEBUG org.apache.http.wire -  >> "[\r][\n]"
15:43:46.146 [main] DEBUG org.apache.http.headers - >> GET /eureka/apps/ HTTP/1.1
15:43:46.146 [main] DEBUG org.apache.http.headers - >> Accept: application/json
15:43:46.146 [main] DEBUG org.apache.http.headers - >> DiscoveryIdentity-Name: DefaultClient
15:43:46.146 [main] DEBUG org.apache.http.headers - >> DiscoveryIdentity-Version: 1.4
15:43:46.146 [main] DEBUG org.apache.http.headers - >> DiscoveryIdentity-Id: 192.168.1.14
15:43:46.146 [main] DEBUG org.apache.http.headers - >> Accept-Encoding: gzip
15:43:46.146 [main] DEBUG org.apache.http.headers - >> Host: localhost:9090
15:43:46.146 [main] DEBUG org.apache.http.headers - >> Connection: Keep-Alive
15:43:46.146 [main] DEBUG org.apache.http.headers - >> User-Agent: Java-EurekaClient/v1.9.21
15:43:46.150 [main] DEBUG org.apache.http.wire -  << "HTTP/1.1 404 [\r][\n]"
15:43:46.151 [main] DEBUG org.apache.http.wire -  << "Vary: Origin[\r][\n]"
15:43:46.151 [main] DEBUG org.apache.http.wire -  << "Vary: Access-Control-Request-Method[\r][\n]"
15:43:46.151 [main] DEBUG org.apache.http.wire -  << "Vary: Access-Control-Request-Headers[\r][\n]"
