15:44:46.208 [DiscoveryClient-CacheRefreshExecutor-0] DEBUG org.apache.http.wire -  << "Content-Type: application/json[\r][\n]"
15:44:46.210 [DiscoveryClient-CacheRefreshExecutor-0] DEBUG org.apache.http.wire -  << "Transfer-Encoding: chunked[\r][\n]"
15:44:46.210 [DiscoveryClient-CacheRefreshExecutor-0] DEBUG org.apache.http.wire -  << "Date: Mon, 08 Jun 2020 07:44:46 GMT[\r][\n]"
15:44:46.211 [DiscoveryClient-CacheRefreshExecutor-0] DEBUG org.apache.http.wire -  << "Keep-Alive: timeout=60[\r][\n]"
15:44:46.211 [DiscoveryClient-CacheRefreshExecutor-0] DEBUG org.apache.http.wire -  << "Connection: keep-alive[\r][\n]"
15:44:46.211 [DiscoveryClient-CacheRefreshExecutor-0] DEBUG org.apache.http.wire -  << "[\r][\n]"
15:44:46.211 [DiscoveryClient-CacheRefreshExecutor-0] DEBUG o.a.h.i.conn.DefaultClientConnection - Receiving response: HTTP/1.1 404 
15:44:46.211 [DiscoveryClient-CacheRefreshExecutor-0] DEBUG org.apache.http.headers - << HTTP/1.1 404 
15:44:46.211 [DiscoveryClient-CacheRefreshExecutor-0] DEBUG org.apache.http.headers - << Vary: Origin
15:44:46.211 [DiscoveryClient-CacheRefreshExecutor-0] DEBUG org.apache.http.headers - << Vary: Access-Control-Request-Method
15:44:46.211 [DiscoveryClient-CacheRefreshExecutor-0] DEBUG org.apache.http.headers - << Vary: Access-Control-Request-Headers
15:44:46.211 [DiscoveryClient-CacheRefreshExecutor-0] DEBUG org.apache.http.headers - << Content-Type: application/json
15:44:46.211 [DiscoveryClient-CacheRefreshExecutor-0] DEBUG org.apache.http.headers - << Transfer-Encoding: chunked
15:44:46.211 [DiscoveryClient-CacheRefreshExecutor-0] DEBUG org.apache.http.headers - << Date: Mon, 08 Jun 2020 07:44:46 GMT
15:44:46.211 [DiscoveryClient-CacheRefreshExecutor-0] DEBUG org.apache.http.headers - << Keep-Alive: timeout=60
15:44:46.211 [DiscoveryClient-CacheRefreshExecutor-0] DEBUG org.apache.http.headers - << Connection: keep-alive
15:44:46.211 [DiscoveryClient-CacheRefreshExecutor-0] DEBUG o.a.h.impl.client.DefaultHttpClient - Connection can be kept alive for 60000 MILLISECONDS
15:44:46.212 [DiscoveryClient-CacheRefreshExecutor-0] DEBUG org.apache.http.wire -  << "72[\r][\n]"
15:44:46.212 [DiscoveryClient-CacheRefreshExecutor-0] DEBUG org.apache.http.wire -  << "{"timestamp":"2020-06-08T07:44:46.206+00:00","status":404,"error":"Not Found","message":"","path":"/eureka/apps/"}"
15:44:46.212 [DiscoveryClient-CacheRefreshExecutor-0] DEBUG c.n.d.s.t.j.AbstractJerseyEurekaHttpClient - Jersey HTTP GET http://localhost:9090/eureka//apps/?; statusCode=404
15:44:46.212 [DiscoveryClient-CacheRefreshExecutor-0] DEBUG org.apache.http.wire -  << "[\r][\n]"
15:44:46.212 [DiscoveryClient-CacheRefreshExecutor-0] DEBUG org.apache.http.wire -  << "0[\r][\n]"
15:44:46.212 [DiscoveryClient-CacheRefreshExecutor-0] DEBUG org.apache.http.wire -  << "[\r][\n]"
15:44:46.212 [DiscoveryClient-CacheRefreshExecutor-0] DEBUG c.n.d.s.MonitoredConnectionManager - Released connection is reusable.
15:44:46.212 [DiscoveryClient-CacheRefreshExecutor-0] DEBUG c.n.d.shared.NamedConnectionPool - Releasing connection [{}->http://localhost:9090][null]
15:44:46.212 [DiscoveryClient-CacheRefreshExecutor-0] DEBUG c.n.d.shared.NamedConnectionPool - Pooling connection [{}->http://localhost:9090][null]; keep alive for 60000 MILLISECONDS
15:44:46.212 [DiscoveryClient-CacheRefreshExecutor-0] DEBUG c.n.d.shared.NamedConnectionPool - Notifying no-one, there are no waiting threads
15:44:46.212 [DiscoveryClient-CacheRefreshExecutor-0] DEBUG c.n.d.s.t.d.RedirectingEurekaHttpClient - Pinning to endpoint null
15:44:46.212 [DiscoveryClient-CacheRefreshExecutor-0] WARN  c.n.d.s.t.d.RetryableEurekaHttpClient - Request execution failure with status code 404; retrying on another server if available
15:44:46.212 [DiscoveryClient-CacheRefreshExecutor-0] ERROR c.netflix.discovery.DiscoveryClient - DiscoveryClient_DREAM-GATE/DESKTOP-I4Q3LDK.domain.name:dream-gate:10900 - was unable to refresh its cache! status = Cannot execute request on any known server
com.netflix.discovery.shared.transport.TransportException: Cannot execute request on any known server
	at com.netflix.discovery.shared.transport.decorator.RetryableEurekaHttpClient.execute(RetryableEurekaHttpClient.java:112)
	at com.netflix.discovery.shared.transport.decorator.EurekaHttpClientDecorator.getApplications(EurekaHttpClientDecorator.java:134)
	at com.netflix.discovery.shared.transport.decorator.EurekaHttpClientDecorator$6.execute(EurekaHttpClientDecorator.java:137)
	at com.netflix.discovery.shared.transport.decorator.SessionedEurekaHttpClient.execute(SessionedEurekaHttpClient.java:77)
	at com.netflix.discovery.shared.transport.decorator.EurekaHttpClientDecorator.getApplications(EurekaHttpClientDecorator.java:134)
	at com.netflix.discovery.DiscoveryClient.getAndStoreFullRegistry(DiscoveryClient.java:1081)
	at com.netflix.discovery.DiscoveryClient.fetchRegistry(DiscoveryClient.java:995)
	at com.netflix.discovery.DiscoveryClient.refreshRegistry(DiscoveryClient.java:1517)
	at com.netflix.discovery.DiscoveryClient$CacheRefreshThread.run(DiscoveryClient.java:1484)
	at java.util.concurrent.Executors$RunnableAdapter.call(Executors.java:511)
	at java.util.concurrent.FutureTask.run(FutureTask.java:266)
	at java.util.concurrent.ThreadPoolExecutor.runWorker(ThreadPoolExecutor.java:1149)
	at java.util.concurrent.ThreadPoolExecutor$Worker.run(ThreadPoolExecutor.java:624)
	at java.lang.Thread.run(Thread.java:748)
15:44:46.213 [DiscoveryClient-CacheRefreshExecutor-0] DEBUG c.netflix.discovery.DiscoveryClient - Completed cache refresh task for discovery. All Apps hash code is Local region apps hashcode: null, is fetching remote regions? false 
15:44:46.239 [DiscoveryClient-HeartbeatExecutor-0] DEBUG c.n.d.s.t.d.RetryableEurekaHttpClient - Clearing quarantined list of size 1
15:44:46.239 [DiscoveryClient-HeartbeatExecutor-0] DEBUG c.n.d.s.t.j.AbstractJerseyEurekaHttpClient - Created client for url: http://localhost:9090/eureka/
15:44:46.240 [DiscoveryClient-HeartbeatExecutor-0] DEBUG c.n.d.s.MonitoredConnectionManager - Get connection: {}->http://localhost:9090, timeout = 5000
15:44:46.240 [DiscoveryClient-HeartbeatExecutor-0] DEBUG c.n.d.shared.NamedConnectionPool - [{}->http://localhost:9090] total kept alive: 2, total issued: 0, total allocated: 2 out of 200
15:44:46.240 [DiscoveryClient-HeartbeatExecutor-0] DEBUG c.n.d.shared.NamedConnectionPool - Getting free connection [{}->http://localhost:9090][null]
15:44:46.240 [DiscoveryClient-HeartbeatExecutor-0] DEBUG o.a.h.impl.client.DefaultHttpClient - Stale connection check
15:44:46.241 [DiscoveryClient-HeartbeatExecutor-0] DEBUG o.a.h.c.protocol.RequestAddCookies - CookieSpec selected: default
15:44:46.241 [DiscoveryClient-HeartbeatExecutor-0] DEBUG o.a.h.c.protocol.RequestAuthCache - Auth cache not set in the context
15:44:46.242 [DiscoveryClient-HeartbeatExecutor-0] DEBUG o.a.h.c.p.RequestTargetAuthentication - Target auth state: UNCHALLENGED
15:44:46.242 [DiscoveryClient-HeartbeatExecutor-0] DEBUG o.a.h.c.p.RequestProxyAuthentication - Proxy auth state: UNCHALLENGED
15:44:46.242 [DiscoveryClient-HeartbeatExecutor-0] DEBUG o.a.h.impl.client.DefaultHttpClient - Attempt 1 to execute request
15:44:46.242 [DiscoveryClient-HeartbeatExecutor-0] DEBUG o.a.h.i.conn.DefaultClientConnection - Sending request: PUT /eureka/apps/DREAM-GATE/DESKTOP-I4Q3LDK.domain.name:dream-gate:10900?status=UP&lastDirtyTimestamp=1591602226171 HTTP/1.1
15:44:46.242 [DiscoveryClient-HeartbeatExecutor-0] DEBUG org.apache.http.wire -  >> "PUT /eureka/apps/DREAM-GATE/DESKTOP-I4Q3LDK.domain.name:dream-gate:10900?status=UP&lastDirtyTimestamp=1591602226171 HTTP/1.1[\r][\n]"
15:44:46.242 [DiscoveryClient-HeartbeatExecutor-0] DEBUG org.apache.http.wire -  >> "DiscoveryIdentity-Name: DefaultClient[\r][\n]"
15:44:46.242 [DiscoveryClient-HeartbeatExecutor-0] DEBUG org.apache.http.wire -  >> "DiscoveryIdentity-Version: 1.4[\r][\n]"
15:44:46.242 [DiscoveryClient-HeartbeatExecutor-0] DEBUG org.apache.http.wire -  >> "DiscoveryIdentity-Id: 192.168.1.14[\r][\n]"
15:44:46.242 [DiscoveryClient-HeartbeatExecutor-0] DEBUG org.apache.http.wire -  >> "Accept-Encoding: gzip[\r][\n]"
15:44:46.242 [DiscoveryClient-HeartbeatExecutor-0] DEBUG org.apache.http.wire -  >> "Content-Length: 0[\r][\n]"
15:44:46.242 [DiscoveryClient-HeartbeatExecutor-0] DEBUG org.apache.http.wire -  >> "Host: localhost:9090[\r][\n]"
15:44:46.242 [DiscoveryClient-HeartbeatExecutor-0] DEBUG org.apache.http.wire -  >> "Connection: Keep-Alive[\r][\n]"
15:44:46.242 [DiscoveryClient-HeartbeatExecutor-0] DEBUG org.apache.http.wire -  >> "User-Agent: Java-EurekaClient/v1.9.21[\r][\n]"
15:44:46.242 [DiscoveryClient-HeartbeatExecutor-0] DEBUG org.apache.http.wire -  >> "[\r][\n]"
15:44:46.242 [DiscoveryClient-HeartbeatExecutor-0] DEBUG org.apache.http.headers - >> PUT /eureka/apps/DREAM-GATE/DESKTOP-I4Q3LDK.domain.name:dream-gate:10900?status=UP&lastDirtyTimestamp=1591602226171 HTTP/1.1
15:44:46.242 [DiscoveryClient-HeartbeatExecutor-0] DEBUG org.apache.http.headers - >> DiscoveryIdentity-Name: DefaultClient
15:44:46.242 [DiscoveryClient-HeartbeatExecutor-0] DEBUG org.apache.http.headers - >> DiscoveryIdentity-Version: 1.4
15:44:46.242 [DiscoveryClient-HeartbeatExecutor-0] DEBUG org.apache.http.headers - >> DiscoveryIdentity-Id: 192.168.1.14
15:44:46.242 [DiscoveryClient-HeartbeatExecutor-0] DEBUG org.apache.http.headers - >> Accept-Encoding: gzip
15:44:46.242 [DiscoveryClient-HeartbeatExecutor-0] DEBUG org.apache.http.headers - >> Content-Length: 0
15:44:46.243 [DiscoveryClient-HeartbeatExecutor-0] DEBUG org.apache.http.headers - >> Host: localhost:9090
15:44:46.243 [DiscoveryClient-HeartbeatExecutor-0] DEBUG org.apache.http.headers - >> Connection: Keep-Alive
15:44:46.243 [DiscoveryClient-HeartbeatExecutor-0] DEBUG org.apache.http.headers - >> User-Agent: Java-EurekaClient/v1.9.21
15:44:46.250 [DiscoveryClient-HeartbeatExecutor-0] DEBUG org.apache.http.wire -  << "HTTP/1.1 404 [\r][\n]"
15:44:46.250 [DiscoveryClient-HeartbeatExecutor-0] DEBUG org.apache.http.wire -  << "Vary: Origin[\r][\n]"
