19:18:59.317 [DiscoveryClient-HeartbeatExecutor-0] DEBUG org.apache.http.wire -  << "Transfer-Encoding: chunked[\r][\n]"
19:18:59.318 [DiscoveryClient-HeartbeatExecutor-0] DEBUG org.apache.http.wire -  << "Date: Mon, 08 Jun 2020 11:18:59 GMT[\r][\n]"
19:18:59.318 [DiscoveryClient-HeartbeatExecutor-0] DEBUG org.apache.http.wire -  << "Keep-Alive: timeout=60[\r][\n]"
19:18:59.318 [DiscoveryClient-HeartbeatExecutor-0] DEBUG org.apache.http.wire -  << "Connection: keep-alive[\r][\n]"
19:18:59.318 [DiscoveryClient-HeartbeatExecutor-0] DEBUG org.apache.http.wire -  << "[\r][\n]"
19:18:59.318 [DiscoveryClient-HeartbeatExecutor-0] DEBUG o.a.h.i.conn.DefaultClientConnection - Receiving response: HTTP/1.1 404 
19:18:59.318 [DiscoveryClient-HeartbeatExecutor-0] DEBUG org.apache.http.headers - << HTTP/1.1 404 
19:18:59.318 [DiscoveryClient-HeartbeatExecutor-0] DEBUG org.apache.http.headers - << Vary: Origin
19:18:59.319 [DiscoveryClient-HeartbeatExecutor-0] DEBUG org.apache.http.headers - << Vary: Access-Control-Request-Method
19:18:59.319 [DiscoveryClient-HeartbeatExecutor-0] DEBUG org.apache.http.headers - << Vary: Access-Control-Request-Headers
19:18:59.319 [DiscoveryClient-HeartbeatExecutor-0] DEBUG org.apache.http.headers - << Content-Type: application/json
19:18:59.319 [DiscoveryClient-HeartbeatExecutor-0] DEBUG org.apache.http.headers - << Transfer-Encoding: chunked
19:18:59.319 [DiscoveryClient-HeartbeatExecutor-0] DEBUG org.apache.http.headers - << Date: Mon, 08 Jun 2020 11:18:59 GMT
19:18:59.319 [DiscoveryClient-HeartbeatExecutor-0] DEBUG org.apache.http.headers - << Keep-Alive: timeout=60
19:18:59.319 [DiscoveryClient-HeartbeatExecutor-0] DEBUG org.apache.http.headers - << Connection: keep-alive
19:18:59.319 [DiscoveryClient-HeartbeatExecutor-0] DEBUG o.a.h.impl.client.DefaultHttpClient - Connection can be kept alive for 60000 MILLISECONDS
19:18:59.319 [DiscoveryClient-HeartbeatExecutor-0] DEBUG org.apache.http.wire -  << "a9[\r][\n]"
19:18:59.319 [DiscoveryClient-HeartbeatExecutor-0] DEBUG org.apache.http.wire -  << "{"timestamp":"2020-06-08T11:18:59.315+00:00","status":404,"error":"Not Found","message":"","path":"/eureka/apps/DREAM-GATE/DESKTOP-I4Q3LDK.domain.name:DREAM-GATE:10900"}"
19:18:59.332 [DiscoveryClient-HeartbeatExecutor-0] DEBUG org.apache.http.wire -  << "[\r][\n]"
19:18:59.332 [DiscoveryClient-HeartbeatExecutor-0] DEBUG org.apache.http.wire -  << "0[\r][\n]"
19:18:59.332 [DiscoveryClient-HeartbeatExecutor-0] DEBUG org.apache.http.wire -  << "[\r][\n]"
19:18:59.332 [DiscoveryClient-HeartbeatExecutor-0] DEBUG c.n.d.s.MonitoredConnectionManager - Released connection is reusable.
19:18:59.332 [DiscoveryClient-HeartbeatExecutor-0] DEBUG c.n.d.shared.NamedConnectionPool - Releasing connection [{}->http://127.0.0.1:9090][null]
19:18:59.332 [DiscoveryClient-HeartbeatExecutor-0] DEBUG c.n.d.shared.NamedConnectionPool - Pooling connection [{}->http://127.0.0.1:9090][null]; keep alive for 60000 MILLISECONDS
19:18:59.332 [DiscoveryClient-HeartbeatExecutor-0] DEBUG c.n.d.shared.NamedConnectionPool - Notifying no-one, there are no waiting threads
19:18:59.333 [DiscoveryClient-HeartbeatExecutor-0] DEBUG c.n.d.util.DeserializerStringCache - clearing global-level cache with size 0
19:18:59.333 [DiscoveryClient-HeartbeatExecutor-0] DEBUG c.n.d.util.DeserializerStringCache - clearing app-level serialization cache with size 0
19:18:59.335 [DiscoveryClient-HeartbeatExecutor-0] DEBUG c.n.d.p.DiscoveryJerseyProvider - Cannot parse request body
com.fasterxml.jackson.databind.exc.MismatchedInputException: Root name 'timestamp' does not match expected ('instance') for type [simple type, class com.netflix.appinfo.InstanceInfo]
 at [Source: (com.sun.jersey.client.apache4.ApacheHttpClient4Handler$HttpClientResponseInputStream); line: 1, column: 2] (through reference chain: com.netflix.appinfo.InstanceInfo["timestamp"])
	at com.fasterxml.jackson.databind.exc.MismatchedInputException.from(MismatchedInputException.java:63)
	at com.fasterxml.jackson.databind.DeserializationContext.reportPropertyInputMismatch(DeserializationContext.java:1499)
	at com.fasterxml.jackson.databind.DeserializationContext.reportPropertyInputMismatch(DeserializationContext.java:1515)
	at com.fasterxml.jackson.databind.ObjectReader._unwrapAndDeserialize(ObjectReader.java:2188)
	at com.fasterxml.jackson.databind.ObjectReader._bindAndClose(ObjectReader.java:2054)
	at com.fasterxml.jackson.databind.ObjectReader.readValue(ObjectReader.java:1431)
	at com.netflix.discovery.converters.EurekaJacksonCodec.readValue(EurekaJacksonCodec.java:213)
	at com.netflix.discovery.converters.wrappers.CodecWrappers$LegacyJacksonJson.decode(CodecWrappers.java:314)
	at com.netflix.discovery.provider.DiscoveryJerseyProvider.readFrom(DiscoveryJerseyProvider.java:103)
	at com.sun.jersey.api.client.ClientResponse.getEntity(ClientResponse.java:634)
	at com.sun.jersey.api.client.ClientResponse.getEntity(ClientResponse.java:586)
	at com.netflix.discovery.shared.transport.jersey.AbstractJerseyEurekaHttpClient.sendHeartBeat(AbstractJerseyEurekaHttpClient.java:107)
	at com.netflix.discovery.shared.transport.decorator.EurekaHttpClientDecorator$3.execute(EurekaHttpClientDecorator.java:92)
	at com.netflix.discovery.shared.transport.decorator.MetricsCollectingEurekaHttpClient.execute(MetricsCollectingEurekaHttpClient.java:73)
	at com.netflix.discovery.shared.transport.decorator.EurekaHttpClientDecorator.sendHeartBeat(EurekaHttpClientDecorator.java:89)
	at com.netflix.discovery.shared.transport.decorator.EurekaHttpClientDecorator$3.execute(EurekaHttpClientDecorator.java:92)
	at com.netflix.discovery.shared.transport.decorator.RedirectingEurekaHttpClient.execute(RedirectingEurekaHttpClient.java:89)
	at com.netflix.discovery.shared.transport.decorator.EurekaHttpClientDecorator.sendHeartBeat(EurekaHttpClientDecorator.java:89)
	at com.netflix.discovery.shared.transport.decorator.EurekaHttpClientDecorator$3.execute(EurekaHttpClientDecorator.java:92)
	at com.netflix.discovery.shared.transport.decorator.RetryableEurekaHttpClient.execute(RetryableEurekaHttpClient.java:120)
	at com.netflix.discovery.shared.transport.decorator.EurekaHttpClientDecorator.sendHeartBeat(EurekaHttpClientDecorator.java:89)
	at com.netflix.discovery.shared.transport.decorator.EurekaHttpClientDecorator$3.execute(EurekaHttpClientDecorator.java:92)
	at com.netflix.discovery.shared.transport.decorator.SessionedEurekaHttpClient.execute(SessionedEurekaHttpClient.java:77)
	at com.netflix.discovery.shared.transport.decorator.EurekaHttpClientDecorator.sendHeartBeat(EurekaHttpClientDecorator.java:89)
	at com.netflix.discovery.DiscoveryClient.renew(DiscoveryClient.java:874)
	at com.netflix.discovery.DiscoveryClient$HeartbeatThread.run(DiscoveryClient.java:1443)
	at java.util.concurrent.Executors$RunnableAdapter.call(Executors.java:511)
	at java.util.concurrent.FutureTask.run(FutureTask.java:266)
	at java.util.concurrent.ThreadPoolExecutor.runWorker(ThreadPoolExecutor.java:1149)
	at java.util.concurrent.ThreadPoolExecutor$Worker.run(ThreadPoolExecutor.java:624)
	at java.lang.Thread.run(Thread.java:748)
19:18:59.337 [DiscoveryClient-HeartbeatExecutor-0] DEBUG c.n.d.s.t.j.AbstractJerseyEurekaHttpClient - Jersey HTTP PUT http://127.0.0.1:9090/eureka//apps/DREAM-GATE/DESKTOP-I4Q3LDK.domain.name:DREAM-GATE:10900; statusCode=404
19:18:59.337 [DiscoveryClient-HeartbeatExecutor-0] ERROR c.n.d.s.t.d.RedirectingEurekaHttpClient - Request execution error. endpoint=DefaultEndpoint{ serviceUrl='http://127.0.0.1:9090/eureka/}
javax.ws.rs.WebApplicationException: com.fasterxml.jackson.databind.exc.MismatchedInputException: Root name 'timestamp' does not match expected ('instance') for type [simple type, class com.netflix.appinfo.InstanceInfo]
 at [Source: (com.sun.jersey.client.apache4.ApacheHttpClient4Handler$HttpClientResponseInputStream); line: 1, column: 2] (through reference chain: com.netflix.appinfo.InstanceInfo["timestamp"])
	at com.netflix.discovery.provider.DiscoveryJerseyProvider.readFrom(DiscoveryJerseyProvider.java:110)
	at com.sun.jersey.api.client.ClientResponse.getEntity(ClientResponse.java:634)
	at com.sun.jersey.api.client.ClientResponse.getEntity(ClientResponse.java:586)
	at com.netflix.discovery.shared.transport.jersey.AbstractJerseyEurekaHttpClient.sendHeartBeat(AbstractJerseyEurekaHttpClient.java:107)
	at com.netflix.discovery.shared.transport.decorator.EurekaHttpClientDecorator$3.execute(EurekaHttpClientDecorator.java:92)
	at com.netflix.discovery.shared.transport.decorator.MetricsCollectingEurekaHttpClient.execute(MetricsCollectingEurekaHttpClient.java:73)
	at com.netflix.discovery.shared.transport.decorator.EurekaHttpClientDecorator.sendHeartBeat(EurekaHttpClientDecorator.java:89)
	at com.netflix.discovery.shared.transport.decorator.EurekaHttpClientDecorator$3.execute(EurekaHttpClientDecorator.java:92)
	at com.netflix.discovery.shared.transport.decorator.RedirectingEurekaHttpClient.execute(RedirectingEurekaHttpClient.java:89)
	at com.netflix.discovery.shared.transport.decorator.EurekaHttpClientDecorator.sendHeartBeat(EurekaHttpClientDecorator.java:89)
	at com.netflix.discovery.shared.transport.decorator.EurekaHttpClientDecorator$3.execute(EurekaHttpClientDecorator.java:92)
	at com.netflix.discovery.shared.transport.decorator.RetryableEurekaHttpClient.execute(RetryableEurekaHttpClient.java:120)
	at com.netflix.discovery.shared.transport.decorator.EurekaHttpClientDecorator.sendHeartBeat(EurekaHttpClientDecorator.java:89)
	at com.netflix.discovery.shared.transport.decorator.EurekaHttpClientDecorator$3.execute(EurekaHttpClientDecorator.java:92)
	at com.netflix.discovery.shared.transport.decorator.SessionedEurekaHttpClient.execute(SessionedEurekaHttpClient.java:77)
	at com.netflix.discovery.shared.transport.decorator.EurekaHttpClientDecorator.sendHeartBeat(EurekaHttpClientDecorator.java:89)
	at com.netflix.discovery.DiscoveryClient.renew(DiscoveryClient.java:874)
	at com.netflix.discovery.DiscoveryClient$HeartbeatThread.run(DiscoveryClient.java:1443)
	at java.util.concurrent.Executors$RunnableAdapter.call(Executors.java:511)
	at java.util.concurrent.FutureTask.run(FutureTask.java:266)
	at java.util.concurrent.ThreadPoolExecutor.runWorker(ThreadPoolExecutor.java:1149)
	at java.util.concurrent.ThreadPoolExecutor$Worker.run(ThreadPoolExecutor.java:624)
	at java.lang.Thread.run(Thread.java:748)
Caused by: com.fasterxml.jackson.databind.exc.MismatchedInputException: Root name 'timestamp' does not match expected ('instance') for type [simple type, class com.netflix.appinfo.InstanceInfo]
 at [Source: (com.sun.jersey.client.apache4.ApacheHttpClient4Handler$HttpClientResponseInputStream); line: 1, column: 2] (through reference chain: com.netflix.appinfo.InstanceInfo["timestamp"])
	at com.fasterxml.jackson.databind.exc.MismatchedInputException.from(MismatchedInputException.java:63)
	at com.fasterxml.jackson.databind.DeserializationContext.reportPropertyInputMismatch(DeserializationContext.java:1499)
	at com.fasterxml.jackson.databind.DeserializationContext.reportPropertyInputMismatch(DeserializationContext.java:1515)
	at com.fasterxml.jackson.databind.ObjectReader._unwrapAndDeserialize(ObjectReader.java:2188)
	at com.fasterxml.jackson.databind.ObjectReader._bindAndClose(ObjectReader.java:2054)
	at com.fasterxml.jackson.databind.ObjectReader.readValue(ObjectReader.java:1431)
	at com.netflix.discovery.converters.EurekaJacksonCodec.readValue(EurekaJacksonCodec.java:213)
	at com.netflix.discovery.converters.wrappers.CodecWrappers$LegacyJacksonJson.decode(CodecWrappers.java:314)
	at com.netflix.discovery.provider.DiscoveryJerseyProvider.readFrom(DiscoveryJerseyProvider.java:103)
	... 22 common frames omitted
19:18:59.338 [DiscoveryClient-HeartbeatExecutor-0] WARN  c.n.d.s.t.d.RetryableEurekaHttpClient - Request execution failed with message: com.fasterxml.jackson.databind.exc.MismatchedInputException: Root name 'timestamp' does not match expected ('instance') for type [simple type, class com.netflix.appinfo.InstanceInfo]
 at [Source: (com.sun.jersey.client.apache4.ApacheHttpClient4Handler$HttpClientResponseInputStream); line: 1, column: 2] (through reference chain: com.netflix.appinfo.InstanceInfo["timestamp"])
19:18:59.338 [DiscoveryClient-HeartbeatExecutor-0] DEBUG c.n.d.s.t.j.AbstractJerseyEurekaHttpClient - Created client for url: http://127.0.0.1:9090/eureka/
