15:04:31.649 [DiscoveryClient-CacheRefreshExecutor-0] DEBUG org.apache.http.headers - >> Accept: application/json
15:04:31.651 [DiscoveryClient-HeartbeatExecutor-0] DEBUG c.n.d.s.t.d.RetryableEurekaHttpClient - Clearing quarantined list of size 1
15:04:31.652 [DiscoveryClient-CacheRefreshExecutor-0] DEBUG org.apache.http.headers - >> DiscoveryIdentity-Name: DefaultClient
15:04:31.653 [DiscoveryClient-HeartbeatExecutor-0] DEBUG c.n.d.s.t.j.AbstractJerseyEurekaHttpClient - Created client for url: http://localhost:9090/eureka/
15:04:31.653 [DiscoveryClient-CacheRefreshExecutor-0] DEBUG org.apache.http.headers - >> DiscoveryIdentity-Version: 1.4
15:04:31.653 [DiscoveryClient-CacheRefreshExecutor-0] DEBUG org.apache.http.headers - >> DiscoveryIdentity-Id: 192.168.1.14
15:04:31.654 [DiscoveryClient-CacheRefreshExecutor-0] DEBUG org.apache.http.headers - >> Accept-Encoding: gzip
15:04:31.654 [DiscoveryClient-CacheRefreshExecutor-0] DEBUG org.apache.http.headers - >> Host: localhost:9090
15:04:31.654 [DiscoveryClient-CacheRefreshExecutor-0] DEBUG org.apache.http.headers - >> Connection: Keep-Alive
15:04:31.654 [DiscoveryClient-CacheRefreshExecutor-0] DEBUG org.apache.http.headers - >> User-Agent: Java-EurekaClient/v1.9.21
15:04:31.654 [DiscoveryClient-HeartbeatExecutor-0] DEBUG c.n.d.s.MonitoredConnectionManager - Get connection: {}->http://localhost:9090, timeout = 5000
15:04:31.654 [DiscoveryClient-HeartbeatExecutor-0] DEBUG c.n.d.shared.NamedConnectionPool - [{}->http://localhost:9090] total kept alive: 1, total issued: 1, total allocated: 2 out of 200
15:04:31.654 [DiscoveryClient-HeartbeatExecutor-0] DEBUG c.n.d.shared.NamedConnectionPool - Getting free connection [{}->http://localhost:9090][null]
15:04:31.654 [DiscoveryClient-HeartbeatExecutor-0] DEBUG o.a.h.impl.client.DefaultHttpClient - Stale connection check
15:04:31.656 [DiscoveryClient-HeartbeatExecutor-0] DEBUG o.a.h.c.protocol.RequestAddCookies - CookieSpec selected: default
15:04:31.656 [DiscoveryClient-HeartbeatExecutor-0] DEBUG o.a.h.c.protocol.RequestAuthCache - Auth cache not set in the context
15:04:31.656 [DiscoveryClient-HeartbeatExecutor-0] DEBUG o.a.h.c.p.RequestTargetAuthentication - Target auth state: UNCHALLENGED
15:04:31.656 [DiscoveryClient-HeartbeatExecutor-0] DEBUG o.a.h.c.p.RequestProxyAuthentication - Proxy auth state: UNCHALLENGED
15:04:31.656 [DiscoveryClient-HeartbeatExecutor-0] DEBUG o.a.h.impl.client.DefaultHttpClient - Attempt 1 to execute request
15:04:31.656 [DiscoveryClient-HeartbeatExecutor-0] DEBUG o.a.h.i.conn.DefaultClientConnection - Sending request: PUT /eureka/apps/UNKNOWN/DESKTOP-I4Q3LDK.domain.name:10900?status=UP&lastDirtyTimestamp=1591599661462 HTTP/1.1
15:04:31.656 [DiscoveryClient-HeartbeatExecutor-0] DEBUG org.apache.http.wire -  >> "PUT /eureka/apps/UNKNOWN/DESKTOP-I4Q3LDK.domain.name:10900?status=UP&lastDirtyTimestamp=1591599661462 HTTP/1.1[\r][\n]"
15:04:31.657 [DiscoveryClient-HeartbeatExecutor-0] DEBUG org.apache.http.wire -  >> "DiscoveryIdentity-Name: DefaultClient[\r][\n]"
15:04:31.657 [DiscoveryClient-HeartbeatExecutor-0] DEBUG org.apache.http.wire -  >> "DiscoveryIdentity-Version: 1.4[\r][\n]"
15:04:31.657 [DiscoveryClient-HeartbeatExecutor-0] DEBUG org.apache.http.wire -  >> "DiscoveryIdentity-Id: 192.168.1.14[\r][\n]"
15:04:31.657 [DiscoveryClient-HeartbeatExecutor-0] DEBUG org.apache.http.wire -  >> "Accept-Encoding: gzip[\r][\n]"
15:04:31.657 [DiscoveryClient-HeartbeatExecutor-0] DEBUG org.apache.http.wire -  >> "Content-Length: 0[\r][\n]"
15:04:31.657 [DiscoveryClient-HeartbeatExecutor-0] DEBUG org.apache.http.wire -  >> "Host: localhost:9090[\r][\n]"
15:04:31.657 [DiscoveryClient-HeartbeatExecutor-0] DEBUG org.apache.http.wire -  >> "Connection: Keep-Alive[\r][\n]"
15:04:31.657 [DiscoveryClient-HeartbeatExecutor-0] DEBUG org.apache.http.wire -  >> "User-Agent: Java-EurekaClient/v1.9.21[\r][\n]"
15:04:31.657 [DiscoveryClient-HeartbeatExecutor-0] DEBUG org.apache.http.wire -  >> "[\r][\n]"
15:04:31.657 [DiscoveryClient-HeartbeatExecutor-0] DEBUG org.apache.http.headers - >> PUT /eureka/apps/UNKNOWN/DESKTOP-I4Q3LDK.domain.name:10900?status=UP&lastDirtyTimestamp=1591599661462 HTTP/1.1
15:04:31.657 [DiscoveryClient-HeartbeatExecutor-0] DEBUG org.apache.http.headers - >> DiscoveryIdentity-Name: DefaultClient
