20:03:12.707 [DiscoveryClient-HeartbeatExecutor-0] DEBUG org.apache.http.headers - >> DiscoveryIdentity-Id: 192.168.1.14
20:03:12.708 [DiscoveryClient-HeartbeatExecutor-0] DEBUG org.apache.http.headers - >> Accept-Encoding: gzip
20:03:12.708 [DiscoveryClient-HeartbeatExecutor-0] DEBUG org.apache.http.headers - >> Content-Length: 0
20:03:12.708 [DiscoveryClient-HeartbeatExecutor-0] DEBUG org.apache.http.headers - >> Host: 127.0.0.1:9090
20:03:12.708 [DiscoveryClient-HeartbeatExecutor-0] DEBUG org.apache.http.headers - >> Connection: Keep-Alive
20:03:12.708 [DiscoveryClient-HeartbeatExecutor-0] DEBUG org.apache.http.headers - >> User-Agent: Java-EurekaClient/v1.9.21
20:03:12.714 [DiscoveryClient-HeartbeatExecutor-0] DEBUG org.apache.http.wire -  << "HTTP/1.1 404 [\r][\n]"
20:03:12.715 [DiscoveryClient-HeartbeatExecutor-0] DEBUG org.apache.http.wire -  << "Vary: Origin[\r][\n]"
20:03:12.715 [DiscoveryClient-HeartbeatExecutor-0] DEBUG org.apache.http.wire -  << "Vary: Access-Control-Request-Method[\r][\n]"
20:03:12.715 [DiscoveryClient-HeartbeatExecutor-0] DEBUG org.apache.http.wire -  << "Vary: Access-Control-Request-Headers[\r][\n]"
20:03:12.715 [DiscoveryClient-HeartbeatExecutor-0] DEBUG org.apache.http.wire -  << "Content-Type: application/json[\r][\n]"
20:03:12.715 [DiscoveryClient-HeartbeatExecutor-0] DEBUG org.apache.http.wire -  << "Transfer-Encoding: chunked[\r][\n]"
20:03:12.715 [DiscoveryClient-HeartbeatExecutor-0] DEBUG org.apache.http.wire -  << "Date: Mon, 08 Jun 2020 12:03:12 GMT[\r][\n]"
20:03:12.715 [DiscoveryClient-HeartbeatExecutor-0] DEBUG org.apache.http.wire -  << "Keep-Alive: timeout=60[\r][\n]"
20:03:12.715 [DiscoveryClient-HeartbeatExecutor-0] DEBUG org.apache.http.wire -  << "Connection: keep-alive[\r][\n]"
20:03:12.715 [DiscoveryClient-HeartbeatExecutor-0] DEBUG org.apache.http.wire -  << "[\r][\n]"
20:03:12.715 [DiscoveryClient-HeartbeatExecutor-0] DEBUG o.a.h.i.conn.DefaultClientConnection - Receiving response: HTTP/1.1 404 
20:03:12.715 [DiscoveryClient-HeartbeatExecutor-0] DEBUG org.apache.http.headers - << HTTP/1.1 404 
20:03:12.715 [DiscoveryClient-HeartbeatExecutor-0] DEBUG org.apache.http.headers - << Vary: Origin
20:03:12.715 [DiscoveryClient-HeartbeatExecutor-0] DEBUG org.apache.http.headers - << Vary: Access-Control-Request-Method
20:03:12.715 [DiscoveryClient-HeartbeatExecutor-0] DEBUG org.apache.http.headers - << Vary: Access-Control-Request-Headers
20:03:12.715 [DiscoveryClient-HeartbeatExecutor-0] DEBUG org.apache.http.headers - << Content-Type: application/json
20:03:12.715 [DiscoveryClient-HeartbeatExecutor-0] DEBUG org.apache.http.headers - << Transfer-Encoding: chunked
20:03:12.715 [DiscoveryClient-HeartbeatExecutor-0] DEBUG org.apache.http.headers - << Date: Mon, 08 Jun 2020 12:03:12 GMT
20:03:12.715 [DiscoveryClient-HeartbeatExecutor-0] DEBUG org.apache.http.headers - << Keep-Alive: timeout=60
20:03:12.715 [DiscoveryClient-HeartbeatExecutor-0] DEBUG org.apache.http.headers - << Connection: keep-alive
20:03:12.715 [DiscoveryClient-HeartbeatExecutor-0] DEBUG o.a.h.impl.client.DefaultHttpClient - Connection can be kept alive for 60000 MILLISECONDS
20:03:12.715 [DiscoveryClient-HeartbeatExecutor-0] DEBUG org.apache.http.wire -  << "a9[\r][\n]"
20:03:12.715 [DiscoveryClient-HeartbeatExecutor-0] DEBUG org.apache.http.wire -  << "{"timestamp":"2020-06-08T12:03:12.710+00:00","status":404,"error":"Not Found","message":"","path":"/eureka/apps/DREAM-GATE/DESKTOP-I4Q3LDK.domain.name:DREAM-GATE:10900"}"
20:03:12.715 [DiscoveryClient-HeartbeatExecutor-0] DEBUG org.apache.http.wire -  << "[\r][\n]"
20:03:12.716 [DiscoveryClient-HeartbeatExecutor-0] DEBUG org.apache.http.wire -  << "0[\r][\n]"
20:03:12.716 [DiscoveryClient-HeartbeatExecutor-0] DEBUG org.apache.http.wire -  << "[\r][\n]"
