15:49:16.420 [DiscoveryClient-CacheRefreshExecutor-0] DEBUG org.apache.http.headers - >> Accept: application/json
15:49:16.420 [DiscoveryClient-HeartbeatExecutor-0] DEBUG org.apache.http.headers - >> PUT /eureka/apps/DREAM-GATE/DESKTOP-I4Q3LDK.domain.name:dream-gate:10900?status=UP&lastDirtyTimestamp=1591602226171 HTTP/1.1
15:49:16.424 [DiscoveryClient-CacheRefreshExecutor-0] DEBUG org.apache.http.headers - >> DiscoveryIdentity-Name: DefaultClient
15:49:16.425 [DiscoveryClient-CacheRefreshExecutor-0] DEBUG org.apache.http.headers - >> DiscoveryIdentity-Version: 1.4
15:49:16.425 [DiscoveryClient-CacheRefreshExecutor-0] DEBUG org.apache.http.headers - >> DiscoveryIdentity-Id: 192.168.1.14
15:49:16.425 [DiscoveryClient-CacheRefreshExecutor-0] DEBUG org.apache.http.headers - >> Accept-Encoding: gzip
15:49:16.425 [DiscoveryClient-CacheRefreshExecutor-0] DEBUG org.apache.http.headers - >> Host: localhost:9090
15:49:16.425 [DiscoveryClient-HeartbeatExecutor-0] DEBUG org.apache.http.headers - >> DiscoveryIdentity-Name: DefaultClient
15:49:16.426 [DiscoveryClient-CacheRefreshExecutor-0] DEBUG org.apache.http.headers - >> Connection: Keep-Alive
15:49:16.426 [DiscoveryClient-HeartbeatExecutor-0] DEBUG org.apache.http.headers - >> DiscoveryIdentity-Version: 1.4
15:49:16.426 [DiscoveryClient-CacheRefreshExecutor-0] DEBUG org.apache.http.headers - >> User-Agent: Java-EurekaClient/v1.9.21
15:49:16.426 [DiscoveryClient-HeartbeatExecutor-0] DEBUG org.apache.http.headers - >> DiscoveryIdentity-Id: 192.168.1.14
15:49:16.426 [DiscoveryClient-HeartbeatExecutor-0] DEBUG org.apache.http.headers - >> Accept-Encoding: gzip
15:49:16.426 [DiscoveryClient-HeartbeatExecutor-0] DEBUG org.apache.http.headers - >> Content-Length: 0
15:49:16.426 [DiscoveryClient-HeartbeatExecutor-0] DEBUG org.apache.http.headers - >> Host: localhost:9090
15:49:16.426 [DiscoveryClient-HeartbeatExecutor-0] DEBUG org.apache.http.headers - >> Connection: Keep-Alive
15:49:16.426 [DiscoveryClient-HeartbeatExecutor-0] DEBUG org.apache.http.headers - >> User-Agent: Java-EurekaClient/v1.9.21
15:49:16.435 [DiscoveryClient-CacheRefreshExecutor-0] DEBUG org.apache.http.wire -  << "HTTP/1.1 404 [\r][\n]"
15:49:16.435 [DiscoveryClient-CacheRefreshExecutor-0] DEBUG org.apache.http.wire -  << "Vary: Origin[\r][\n]"
15:49:16.435 [DiscoveryClient-CacheRefreshExecutor-0] DEBUG org.apache.http.wire -  << "Vary: Access-Control-Request-Method[\r][\n]"
15:49:16.435 [DiscoveryClient-CacheRefreshExecutor-0] DEBUG org.apache.http.wire -  << "Vary: Access-Control-Request-Headers[\r][\n]"
15:49:16.435 [DiscoveryClient-CacheRefreshExecutor-0] DEBUG org.apache.http.wire -  << "Content-Type: application/json[\r][\n]"
15:49:16.435 [DiscoveryClient-CacheRefreshExecutor-0] DEBUG org.apache.http.wire -  << "Transfer-Encoding: chunked[\r][\n]"
15:49:16.435 [DiscoveryClient-CacheRefreshExecutor-0] DEBUG org.apache.http.wire -  << "Date: Mon, 08 Jun 2020 07:49:16 GMT[\r][\n]"
15:49:16.435 [DiscoveryClient-HeartbeatExecutor-0] DEBUG org.apache.http.wire -  << "HTTP/1.1 404 [\r][\n]"
15:49:16.435 [DiscoveryClient-CacheRefreshExecutor-0] DEBUG org.apache.http.wire -  << "Keep-Alive: timeout=60[\r][\n]"
15:49:16.435 [DiscoveryClient-CacheRefreshExecutor-0] DEBUG org.apache.http.wire -  << "Connection: keep-alive[\r][\n]"
15:49:16.435 [DiscoveryClient-HeartbeatExecutor-0] DEBUG org.apache.http.wire -  << "Vary: Origin[\r][\n]"
15:49:16.435 [DiscoveryClient-CacheRefreshExecutor-0] DEBUG org.apache.http.wire -  << "[\r][\n]"
15:49:16.435 [DiscoveryClient-HeartbeatExecutor-0] DEBUG org.apache.http.wire -  << "Vary: Access-Control-Request-Method[\r][\n]"
15:49:16.435 [DiscoveryClient-HeartbeatExecutor-0] DEBUG org.apache.http.wire -  << "Vary: Access-Control-Request-Headers[\r][\n]"
15:49:16.435 [DiscoveryClient-HeartbeatExecutor-0] DEBUG org.apache.http.wire -  << "Content-Type: application/json[\r][\n]"
