15:46:16.259 [DiscoveryClient-CacheRefreshExecutor-0] DEBUG org.apache.http.wire -  >> "Connection: Keep-Alive[\r][\n]"
15:46:16.263 [DiscoveryClient-CacheRefreshExecutor-0] DEBUG org.apache.http.wire -  >> "User-Agent: Java-EurekaClient/v1.9.21[\r][\n]"
15:46:16.263 [DiscoveryClient-CacheRefreshExecutor-0] DEBUG org.apache.http.wire -  >> "[\r][\n]"
15:46:16.263 [DiscoveryClient-CacheRefreshExecutor-0] DEBUG org.apache.http.headers - >> GET /eureka/apps/ HTTP/1.1
15:46:16.263 [DiscoveryClient-CacheRefreshExecutor-0] DEBUG org.apache.http.headers - >> Accept: application/json
15:46:16.263 [DiscoveryClient-CacheRefreshExecutor-0] DEBUG org.apache.http.headers - >> DiscoveryIdentity-Name: DefaultClient
15:46:16.263 [DiscoveryClient-CacheRefreshExecutor-0] DEBUG org.apache.http.headers - >> DiscoveryIdentity-Version: 1.4
15:46:16.263 [DiscoveryClient-CacheRefreshExecutor-0] DEBUG org.apache.http.headers - >> DiscoveryIdentity-Id: 192.168.1.14
15:46:16.264 [DiscoveryClient-CacheRefreshExecutor-0] DEBUG org.apache.http.headers - >> Accept-Encoding: gzip
15:46:16.264 [DiscoveryClient-CacheRefreshExecutor-0] DEBUG org.apache.http.headers - >> Host: localhost:9090
15:46:16.264 [DiscoveryClient-CacheRefreshExecutor-0] DEBUG org.apache.http.headers - >> Connection: Keep-Alive
15:46:16.264 [DiscoveryClient-CacheRefreshExecutor-0] DEBUG org.apache.http.headers - >> User-Agent: Java-EurekaClient/v1.9.21
15:46:16.275 [DiscoveryClient-CacheRefreshExecutor-0] DEBUG org.apache.http.wire -  << "HTTP/1.1 404 [\r][\n]"
15:46:16.275 [DiscoveryClient-CacheRefreshExecutor-0] DEBUG org.apache.http.wire -  << "Vary: Origin[\r][\n]"
15:46:16.275 [DiscoveryClient-CacheRefreshExecutor-0] DEBUG org.apache.http.wire -  << "Vary: Access-Control-Request-Method[\r][\n]"
15:46:16.275 [DiscoveryClient-CacheRefreshExecutor-0] DEBUG org.apache.http.wire -  << "Vary: Access-Control-Request-Headers[\r][\n]"
15:46:16.275 [DiscoveryClient-CacheRefreshExecutor-0] DEBUG org.apache.http.wire -  << "Content-Type: application/json[\r][\n]"
15:46:16.275 [DiscoveryClient-CacheRefreshExecutor-0] DEBUG org.apache.http.wire -  << "Transfer-Encoding: chunked[\r][\n]"
15:46:16.275 [DiscoveryClient-CacheRefreshExecutor-0] DEBUG org.apache.http.wire -  << "Date: Mon, 08 Jun 2020 07:46:16 GMT[\r][\n]"
15:46:16.275 [DiscoveryClient-CacheRefreshExecutor-0] DEBUG org.apache.http.wire -  << "Keep-Alive: timeout=60[\r][\n]"
15:46:16.275 [DiscoveryClient-CacheRefreshExecutor-0] DEBUG org.apache.http.wire -  << "Connection: keep-alive[\r][\n]"
15:46:16.275 [DiscoveryClient-CacheRefreshExecutor-0] DEBUG org.apache.http.wire -  << "[\r][\n]"
15:46:16.275 [DiscoveryClient-CacheRefreshExecutor-0] DEBUG o.a.h.i.conn.DefaultClientConnection - Receiving response: HTTP/1.1 404 
15:46:16.276 [DiscoveryClient-CacheRefreshExecutor-0] DEBUG org.apache.http.headers - << HTTP/1.1 404 
15:46:16.276 [DiscoveryClient-CacheRefreshExecutor-0] DEBUG org.apache.http.headers - << Vary: Origin
15:46:16.276 [DiscoveryClient-CacheRefreshExecutor-0] DEBUG org.apache.http.headers - << Vary: Access-Control-Request-Method
15:46:16.276 [DiscoveryClient-CacheRefreshExecutor-0] DEBUG org.apache.http.headers - << Vary: Access-Control-Request-Headers
15:46:16.276 [DiscoveryClient-CacheRefreshExecutor-0] DEBUG org.apache.http.headers - << Content-Type: application/json
15:46:16.276 [DiscoveryClient-CacheRefreshExecutor-0] DEBUG org.apache.http.headers - << Transfer-Encoding: chunked
15:46:16.276 [DiscoveryClient-CacheRefreshExecutor-0] DEBUG org.apache.http.headers - << Date: Mon, 08 Jun 2020 07:46:16 GMT
15:46:16.276 [DiscoveryClient-CacheRefreshExecutor-0] DEBUG org.apache.http.headers - << Keep-Alive: timeout=60
15:46:16.276 [DiscoveryClient-CacheRefreshExecutor-0] DEBUG org.apache.http.headers - << Connection: keep-alive
