14:56:29.958 [DiscoveryClient-CacheRefreshExecutor-0] DEBUG o.a.h.c.protocol.RequestAuthCache - Auth cache not set in the context
14:56:29.961 [DiscoveryClient-CacheRefreshExecutor-0] DEBUG o.a.h.c.p.RequestTargetAuthentication - Target auth state: UNCHALLENGED
14:56:29.958 [DiscoveryClient-HeartbeatExecutor-0] DEBUG o.a.h.c.protocol.RequestAddCookies - CookieSpec selected: default
14:56:29.961 [DiscoveryClient-CacheRefreshExecutor-0] DEBUG o.a.h.c.p.RequestProxyAuthentication - Proxy auth state: UNCHALLENGED
14:56:29.962 [DiscoveryClient-HeartbeatExecutor-0] DEBUG o.a.h.c.protocol.RequestAuthCache - Auth cache not set in the context
14:56:29.962 [DiscoveryClient-CacheRefreshExecutor-0] DEBUG o.a.h.impl.client.DefaultHttpClient - Attempt 1 to execute request
14:56:29.962 [DiscoveryClient-HeartbeatExecutor-0] DEBUG o.a.h.c.p.RequestTargetAuthentication - Target auth state: UNCHALLENGED
14:56:29.963 [DiscoveryClient-CacheRefreshExecutor-0] DEBUG o.a.h.i.conn.DefaultClientConnection - Sending request: GET /eureka/apps/ HTTP/1.1
14:56:29.963 [DiscoveryClient-HeartbeatExecutor-0] DEBUG o.a.h.c.p.RequestProxyAuthentication - Proxy auth state: UNCHALLENGED
14:56:29.963 [DiscoveryClient-HeartbeatExecutor-0] DEBUG o.a.h.impl.client.DefaultHttpClient - Attempt 1 to execute request
14:56:29.963 [DiscoveryClient-CacheRefreshExecutor-0] DEBUG org.apache.http.wire -  >> "GET /eureka/apps/ HTTP/1.1[\r][\n]"
14:56:29.963 [DiscoveryClient-HeartbeatExecutor-0] DEBUG o.a.h.i.conn.DefaultClientConnection - Sending request: PUT /eureka/apps/UNKNOWN/DESKTOP-I4Q3LDK.domain.name:10900?status=UP&lastDirtyTimestamp=1591590530710 HTTP/1.1
14:56:29.963 [DiscoveryClient-CacheRefreshExecutor-0] DEBUG org.apache.http.wire -  >> "Accept: application/json[\r][\n]"
14:56:29.963 [DiscoveryClient-HeartbeatExecutor-0] DEBUG org.apache.http.wire -  >> "PUT /eureka/apps/UNKNOWN/DESKTOP-I4Q3LDK.domain.name:10900?status=UP&lastDirtyTimestamp=1591590530710 HTTP/1.1[\r][\n]"
14:56:29.963 [DiscoveryClient-CacheRefreshExecutor-0] DEBUG org.apache.http.wire -  >> "DiscoveryIdentity-Name: DefaultClient[\r][\n]"
14:56:29.963 [DiscoveryClient-CacheRefreshExecutor-0] DEBUG org.apache.http.wire -  >> "DiscoveryIdentity-Version: 1.4[\r][\n]"
14:56:29.963 [DiscoveryClient-HeartbeatExecutor-0] DEBUG org.apache.http.wire -  >> "DiscoveryIdentity-Name: DefaultClient[\r][\n]"
14:56:29.963 [DiscoveryClient-CacheRefreshExecutor-0] DEBUG org.apache.http.wire -  >> "DiscoveryIdentity-Id: 192.168.1.14[\r][\n]"
14:56:29.963 [DiscoveryClient-HeartbeatExecutor-0] DEBUG org.apache.http.wire -  >> "DiscoveryIdentity-Version: 1.4[\r][\n]"
14:56:29.963 [DiscoveryClient-CacheRefreshExecutor-0] DEBUG org.apache.http.wire -  >> "Accept-Encoding: gzip[\r][\n]"
14:56:29.963 [DiscoveryClient-HeartbeatExecutor-0] DEBUG org.apache.http.wire -  >> "DiscoveryIdentity-Id: 192.168.1.14[\r][\n]"
14:56:29.963 [DiscoveryClient-CacheRefreshExecutor-0] DEBUG org.apache.http.wire -  >> "Host: localhost:9090[\r][\n]"
14:56:29.964 [DiscoveryClient-HeartbeatExecutor-0] DEBUG org.apache.http.wire -  >> "Accept-Encoding: gzip[\r][\n]"
14:56:29.964 [DiscoveryClient-CacheRefreshExecutor-0] DEBUG org.apache.http.wire -  >> "Connection: Keep-Alive[\r][\n]"
14:56:29.964 [DiscoveryClient-HeartbeatExecutor-0] DEBUG org.apache.http.wire -  >> "Content-Length: 0[\r][\n]"
14:56:29.964 [DiscoveryClient-CacheRefreshExecutor-0] DEBUG org.apache.http.wire -  >> "User-Agent: Java-EurekaClient/v1.9.21[\r][\n]"
14:56:29.964 [DiscoveryClient-CacheRefreshExecutor-0] DEBUG org.apache.http.wire -  >> "[\r][\n]"
14:56:29.964 [DiscoveryClient-HeartbeatExecutor-0] DEBUG org.apache.http.wire -  >> "Host: localhost:9090[\r][\n]"
14:56:29.964 [DiscoveryClient-CacheRefreshExecutor-0] DEBUG org.apache.http.headers - >> GET /eureka/apps/ HTTP/1.1
14:56:29.964 [DiscoveryClient-HeartbeatExecutor-0] DEBUG org.apache.http.wire -  >> "Connection: Keep-Alive[\r][\n]"
14:56:29.964 [DiscoveryClient-CacheRefreshExecutor-0] DEBUG org.apache.http.headers - >> Accept: application/json
14:56:29.964 [DiscoveryClient-HeartbeatExecutor-0] DEBUG org.apache.http.wire -  >> "User-Agent: Java-EurekaClient/v1.9.21[\r][\n]"
