21:15:15.173 [DiscoveryClient-HeartbeatExecutor-0] DEBUG org.apache.http.wire -  << "Vary: Origin[\r][\n]"
21:15:15.174 [DiscoveryClient-HeartbeatExecutor-0] DEBUG org.apache.http.wire -  << "Vary: Access-Control-Request-Method[\r][\n]"
21:15:15.174 [DiscoveryClient-HeartbeatExecutor-0] DEBUG org.apache.http.wire -  << "Vary: Access-Control-Request-Headers[\r][\n]"
21:15:15.174 [DiscoveryClient-HeartbeatExecutor-0] DEBUG org.apache.http.wire -  << "X-Content-Type-Options: nosniff[\r][\n]"
21:15:15.174 [DiscoveryClient-HeartbeatExecutor-0] DEBUG org.apache.http.wire -  << "X-XSS-Protection: 1; mode=block[\r][\n]"
21:15:15.174 [DiscoveryClient-HeartbeatExecutor-0] DEBUG org.apache.http.wire -  << "Cache-Control: no-cache, no-store, max-age=0, must-revalidate[\r][\n]"
21:15:15.174 [DiscoveryClient-HeartbeatExecutor-0] DEBUG org.apache.http.wire -  << "Pragma: no-cache[\r][\n]"
21:15:15.174 [DiscoveryClient-HeartbeatExecutor-0] DEBUG org.apache.http.wire -  << "Expires: 0[\r][\n]"
21:15:15.174 [DiscoveryClient-HeartbeatExecutor-0] DEBUG org.apache.http.wire -  << "X-Frame-Options: DENY[\r][\n]"
21:15:15.175 [DiscoveryClient-HeartbeatExecutor-0] DEBUG org.apache.http.wire -  << "Content-Type: application/json[\r][\n]"
21:15:15.175 [DiscoveryClient-HeartbeatExecutor-0] DEBUG org.apache.http.wire -  << "Transfer-Encoding: chunked[\r][\n]"
21:15:15.175 [DiscoveryClient-HeartbeatExecutor-0] DEBUG org.apache.http.wire -  << "Date: Mon, 08 Jun 2020 13:15:15 GMT[\r][\n]"
21:15:15.175 [DiscoveryClient-HeartbeatExecutor-0] DEBUG org.apache.http.wire -  << "Keep-Alive: timeout=60[\r][\n]"
21:15:15.175 [DiscoveryClient-HeartbeatExecutor-0] DEBUG org.apache.http.wire -  << "Connection: keep-alive[\r][\n]"
21:15:15.175 [DiscoveryClient-HeartbeatExecutor-0] DEBUG org.apache.http.wire -  << "[\r][\n]"
21:15:15.175 [DiscoveryClient-HeartbeatExecutor-0] DEBUG o.a.h.i.conn.DefaultClientConnection - Receiving response: HTTP/1.1 404 
21:15:15.175 [DiscoveryClient-HeartbeatExecutor-0] DEBUG org.apache.http.headers - << HTTP/1.1 404 
21:15:15.175 [DiscoveryClient-HeartbeatExecutor-0] DEBUG org.apache.http.headers - << Vary: Origin
21:15:15.175 [DiscoveryClient-HeartbeatExecutor-0] DEBUG org.apache.http.headers - << Vary: Access-Control-Request-Method
21:15:15.175 [DiscoveryClient-HeartbeatExecutor-0] DEBUG org.apache.http.headers - << Vary: Access-Control-Request-Headers
21:15:15.175 [DiscoveryClient-HeartbeatExecutor-0] DEBUG org.apache.http.headers - << X-Content-Type-Options: nosniff
21:15:15.175 [DiscoveryClient-HeartbeatExecutor-0] DEBUG org.apache.http.headers - << X-XSS-Protection: 1; mode=block
21:15:15.175 [DiscoveryClient-HeartbeatExecutor-0] DEBUG org.apache.http.headers - << Cache-Control: no-cache, no-store, max-age=0, must-revalidate
21:15:15.175 [DiscoveryClient-HeartbeatExecutor-0] DEBUG org.apache.http.headers - << Pragma: no-cache
21:15:15.175 [DiscoveryClient-HeartbeatExecutor-0] DEBUG org.apache.http.headers - << Expires: 0
21:15:15.175 [DiscoveryClient-HeartbeatExecutor-0] DEBUG org.apache.http.headers - << X-Frame-Options: DENY
21:15:15.175 [DiscoveryClient-HeartbeatExecutor-0] DEBUG org.apache.http.headers - << Content-Type: application/json
21:15:15.175 [DiscoveryClient-HeartbeatExecutor-0] DEBUG org.apache.http.headers - << Transfer-Encoding: chunked
21:15:15.175 [DiscoveryClient-HeartbeatExecutor-0] DEBUG org.apache.http.headers - << Date: Mon, 08 Jun 2020 13:15:15 GMT
21:15:15.175 [DiscoveryClient-HeartbeatExecutor-0] DEBUG org.apache.http.headers - << Keep-Alive: timeout=60
21:15:15.175 [DiscoveryClient-HeartbeatExecutor-0] DEBUG org.apache.http.headers - << Connection: keep-alive
21:15:15.175 [DiscoveryClient-HeartbeatExecutor-0] DEBUG o.a.h.impl.client.DefaultHttpClient - Connection can be kept alive for 60000 MILLISECONDS
