15:09:31.978 [DiscoveryClient-CacheRefreshExecutor-0] DEBUG org.apache.http.wire -  << "[\r][\n]"
15:09:31.978 [DiscoveryClient-HeartbeatExecutor-0] ERROR c.netflix.discovery.DiscoveryClient - DiscoveryClient_UNKNOWN/DESKTOP-I4Q3LDK.domain.name:10900 - was unable to send heartbeat!
com.netflix.discovery.shared.transport.TransportException: Cannot execute request on any known server
	at com.netflix.discovery.shared.transport.decorator.RetryableEurekaHttpClient.execute(RetryableEurekaHttpClient.java:112)
	at com.netflix.discovery.shared.transport.decorator.EurekaHttpClientDecorator.sendHeartBeat(EurekaHttpClientDecorator.java:89)
	at com.netflix.discovery.shared.transport.decorator.EurekaHttpClientDecorator$3.execute(EurekaHttpClientDecorator.java:92)
	at com.netflix.discovery.shared.transport.decorator.SessionedEurekaHttpClient.execute(SessionedEurekaHttpClient.java:77)
	at com.netflix.discovery.shared.transport.decorator.EurekaHttpClientDecorator.sendHeartBeat(EurekaHttpClientDecorator.java:89)
	at com.netflix.discovery.DiscoveryClient.renew(DiscoveryClient.java:874)
	at com.netflix.discovery.DiscoveryClient$HeartbeatThread.run(DiscoveryClient.java:1443)
	at java.util.concurrent.Executors$RunnableAdapter.call(Executors.java:511)
	at java.util.concurrent.FutureTask.run(FutureTask.java:266)
	at java.util.concurrent.ThreadPoolExecutor.runWorker(ThreadPoolExecutor.java:1149)
	at java.util.concurrent.ThreadPoolExecutor$Worker.run(ThreadPoolExecutor.java:624)
	at java.lang.Thread.run(Thread.java:748)
15:09:31.980 [DiscoveryClient-CacheRefreshExecutor-0] DEBUG c.n.d.s.MonitoredConnectionManager - Released connection is reusable.
15:09:31.980 [DiscoveryClient-CacheRefreshExecutor-0] DEBUG c.n.d.shared.NamedConnectionPool - Releasing connection [{}->http://localhost:9090][null]
15:09:31.981 [DiscoveryClient-CacheRefreshExecutor-0] DEBUG c.n.d.shared.NamedConnectionPool - Pooling connection [{}->http://localhost:9090][null]; keep alive for 60000 MILLISECONDS
15:09:31.981 [DiscoveryClient-CacheRefreshExecutor-0] DEBUG c.n.d.shared.NamedConnectionPool - Notifying no-one, there are no waiting threads
15:09:31.981 [DiscoveryClient-CacheRefreshExecutor-0] DEBUG c.n.d.s.t.d.RedirectingEurekaHttpClient - Pinning to endpoint null
15:09:31.981 [DiscoveryClient-CacheRefreshExecutor-0] WARN  c.n.d.s.t.d.RetryableEurekaHttpClient - Request execution failure with status code 404; retrying on another server if available
15:09:31.981 [DiscoveryClient-CacheRefreshExecutor-0] ERROR c.netflix.discovery.DiscoveryClient - DiscoveryClient_UNKNOWN/DESKTOP-I4Q3LDK.domain.name:10900 - was unable to refresh its cache! status = Cannot execute request on any known server
com.netflix.discovery.shared.transport.TransportException: Cannot execute request on any known server
	at com.netflix.discovery.shared.transport.decorator.RetryableEurekaHttpClient.execute(RetryableEurekaHttpClient.java:112)
	at com.netflix.discovery.shared.transport.decorator.EurekaHttpClientDecorator.getApplications(EurekaHttpClientDecorator.java:134)
	at com.netflix.discovery.shared.transport.decorator.EurekaHttpClientDecorator$6.execute(EurekaHttpClientDecorator.java:137)
	at com.netflix.discovery.shared.transport.decorator.SessionedEurekaHttpClient.execute(SessionedEurekaHttpClient.java:77)
	at com.netflix.discovery.shared.transport.decorator.EurekaHttpClientDecorator.getApplications(EurekaHttpClientDecorator.java:134)
	at com.netflix.discovery.DiscoveryClient.getAndStoreFullRegistry(DiscoveryClient.java:1081)
	at com.netflix.discovery.DiscoveryClient.fetchRegistry(DiscoveryClient.java:995)
	at com.netflix.discovery.DiscoveryClient.refreshRegistry(DiscoveryClient.java:1517)
	at com.netflix.discovery.DiscoveryClient$CacheRefreshThread.run(DiscoveryClient.java:1484)
	at java.util.concurrent.Executors$RunnableAdapter.call(Executors.java:511)
	at java.util.concurrent.FutureTask.run(FutureTask.java:266)
	at java.util.concurrent.ThreadPoolExecutor.runWorker(ThreadPoolExecutor.java:1149)
	at java.util.concurrent.ThreadPoolExecutor$Worker.run(ThreadPoolExecutor.java:624)
	at java.lang.Thread.run(Thread.java:748)
15:09:31.981 [DiscoveryClient-CacheRefreshExecutor-0] DEBUG c.netflix.discovery.DiscoveryClient - Completed cache refresh task for discovery. All Apps hash code is Local region apps hashcode: null, is fetching remote regions? false 
